{"E:\\workspace\\AtlasExplorer\\src\\attributes.js": {"path":"E:\\workspace\\AtlasExplorer\\src\\attributes.js","statementMap":{"0":{"start":{"line":1,"column":11},"end":{"line":1,"column":24}},"1":{"start":{"line":2,"column":13},"end":{"line":2,"column":28}},"2":{"start":{"line":3,"column":11},"end":{"line":3,"column":24}},"3":{"start":{"line":4,"column":15},"end":{"line":4,"column":34}},"4":{"start":{"line":6,"column":23},"end":{"line":6,"column":78}},"5":{"start":{"line":10,"column":4},"end":{"line":10,"column":29}},"6":{"start":{"line":14,"column":4},"end":{"line":16,"column":5}},"7":{"start":{"line":15,"column":6},"end":{"line":15,"column":56}},"8":{"start":{"line":20,"column":23},"end":{"line":20,"column":25}},"9":{"start":{"line":21,"column":4},"end":{"line":37,"column":5}},"10":{"start":{"line":22,"column":20},"end":{"line":22,"column":50}},"11":{"start":{"line":23,"column":6},"end":{"line":34,"column":7}},"12":{"start":{"line":24,"column":8},"end":{"line":33,"column":9}},"13":{"start":{"line":25,"column":27},"end":{"line":25,"column":58}},"14":{"start":{"line":26,"column":26},"end":{"line":26,"column":59}},"15":{"start":{"line":27,"column":23},"end":{"line":27,"column":42}},"16":{"start":{"line":28,"column":10},"end":{"line":28,"column":55}},"17":{"start":{"line":28,"column":33},"end":{"line":28,"column":55}},"18":{"start":{"line":29,"column":10},"end":{"line":29,"column":47}},"19":{"start":{"line":29,"column":26},"end":{"line":29,"column":47}},"20":{"start":{"line":30,"column":10},"end":{"line":30,"column":60}},"21":{"start":{"line":30,"column":42},"end":{"line":30,"column":60}},"22":{"start":{"line":31,"column":10},"end":{"line":31,"column":47}},"23":{"start":{"line":31,"column":29},"end":{"line":31,"column":47}},"24":{"start":{"line":32,"column":10},"end":{"line":32,"column":39}},"25":{"start":{"line":36,"column":6},"end":{"line":36,"column":61}},"26":{"start":{"line":38,"column":4},"end":{"line":38,"column":22}},"27":{"start":{"line":42,"column":23},"end":{"line":42,"column":44}},"28":{"start":{"line":43,"column":4},"end":{"line":43,"column":36}},"29":{"start":{"line":47,"column":17},"end":{"line":47,"column":76}},"30":{"start":{"line":48,"column":21},"end":{"line":48,"column":62}},"31":{"start":{"line":49,"column":4},"end":{"line":49,"column":62}},"32":{"start":{"line":50,"column":4},"end":{"line":50,"column":16}},"33":{"start":{"line":54,"column":17},"end":{"line":54,"column":76}},"34":{"start":{"line":55,"column":21},"end":{"line":55,"column":62}},"35":{"start":{"line":56,"column":4},"end":{"line":56,"column":62}},"36":{"start":{"line":57,"column":4},"end":{"line":57,"column":16}},"37":{"start":{"line":61,"column":21},"end":{"line":61,"column":62}},"38":{"start":{"line":62,"column":4},"end":{"line":64,"column":5}},"39":{"start":{"line":63,"column":6},"end":{"line":63,"column":30}},"40":{"start":{"line":68,"column":0},"end":{"line":68,"column":40}}},"fnMap":{"0":{"name":"(anonymous_0)","decl":{"start":{"line":9,"column":2},"end":{"line":9,"column":3}},"loc":{"start":{"line":9,"column":16},"end":{"line":11,"column":3}},"line":9},"1":{"name":"(anonymous_1)","decl":{"start":{"line":13,"column":2},"end":{"line":13,"column":3}},"loc":{"start":{"line":13,"column":22},"end":{"line":17,"column":3}},"line":13},"2":{"name":"(anonymous_2)","decl":{"start":{"line":19,"column":2},"end":{"line":19,"column":3}},"loc":{"start":{"line":19,"column":19},"end":{"line":39,"column":3}},"line":19},"3":{"name":"(anonymous_3)","decl":{"start":{"line":41,"column":2},"end":{"line":41,"column":3}},"loc":{"start":{"line":41,"column":21},"end":{"line":44,"column":3}},"line":41},"4":{"name":"(anonymous_4)","decl":{"start":{"line":46,"column":2},"end":{"line":46,"column":3}},"loc":{"start":{"line":46,"column":92},"end":{"line":51,"column":3}},"line":46},"5":{"name":"(anonymous_5)","decl":{"start":{"line":53,"column":2},"end":{"line":53,"column":3}},"loc":{"start":{"line":53,"column":92},"end":{"line":58,"column":3}},"line":53},"6":{"name":"(anonymous_6)","decl":{"start":{"line":60,"column":2},"end":{"line":60,"column":3}},"loc":{"start":{"line":60,"column":24},"end":{"line":65,"column":3}},"line":60}},"branchMap":{"0":{"loc":{"start":{"line":14,"column":4},"end":{"line":16,"column":5}},"type":"if","locations":[{"start":{"line":14,"column":4},"end":{"line":16,"column":5}},{"start":{},"end":{}}],"line":14},"1":{"loc":{"start":{"line":24,"column":8},"end":{"line":33,"column":9}},"type":"if","locations":[{"start":{"line":24,"column":8},"end":{"line":33,"column":9}},{"start":{},"end":{}}],"line":24},"2":{"loc":{"start":{"line":28,"column":10},"end":{"line":28,"column":55}},"type":"if","locations":[{"start":{"line":28,"column":10},"end":{"line":28,"column":55}},{"start":{},"end":{}}],"line":28},"3":{"loc":{"start":{"line":29,"column":10},"end":{"line":29,"column":47}},"type":"if","locations":[{"start":{"line":29,"column":10},"end":{"line":29,"column":47}},{"start":{},"end":{}}],"line":29},"4":{"loc":{"start":{"line":30,"column":10},"end":{"line":30,"column":60}},"type":"if","locations":[{"start":{"line":30,"column":10},"end":{"line":30,"column":60}},{"start":{},"end":{}}],"line":30},"5":{"loc":{"start":{"line":31,"column":10},"end":{"line":31,"column":47}},"type":"if","locations":[{"start":{"line":31,"column":10},"end":{"line":31,"column":47}},{"start":{},"end":{}}],"line":31},"6":{"loc":{"start":{"line":43,"column":11},"end":{"line":43,"column":35}},"type":"binary-expr","locations":[{"start":{"line":43,"column":11},"end":{"line":43,"column":27}},{"start":{"line":43,"column":31},"end":{"line":43,"column":35}}],"line":43},"7":{"loc":{"start":{"line":46,"column":24},"end":{"line":46,"column":40}},"type":"default-arg","locations":[{"start":{"line":46,"column":38},"end":{"line":46,"column":40}}],"line":46},"8":{"loc":{"start":{"line":46,"column":42},"end":{"line":46,"column":57}},"type":"default-arg","locations":[{"start":{"line":46,"column":49},"end":{"line":46,"column":57}}],"line":46},"9":{"loc":{"start":{"line":46,"column":59},"end":{"line":46,"column":76}},"type":"default-arg","locations":[{"start":{"line":46,"column":74},"end":{"line":46,"column":76}}],"line":46},"10":{"loc":{"start":{"line":46,"column":78},"end":{"line":46,"column":90}},"type":"default-arg","locations":[{"start":{"line":46,"column":88},"end":{"line":46,"column":90}}],"line":46},"11":{"loc":{"start":{"line":53,"column":24},"end":{"line":53,"column":40}},"type":"default-arg","locations":[{"start":{"line":53,"column":38},"end":{"line":53,"column":40}}],"line":53},"12":{"loc":{"start":{"line":53,"column":42},"end":{"line":53,"column":57}},"type":"default-arg","locations":[{"start":{"line":53,"column":49},"end":{"line":53,"column":57}}],"line":53},"13":{"loc":{"start":{"line":53,"column":59},"end":{"line":53,"column":76}},"type":"default-arg","locations":[{"start":{"line":53,"column":74},"end":{"line":53,"column":76}}],"line":53},"14":{"loc":{"start":{"line":53,"column":78},"end":{"line":53,"column":90}},"type":"default-arg","locations":[{"start":{"line":53,"column":88},"end":{"line":53,"column":90}}],"line":53},"15":{"loc":{"start":{"line":62,"column":4},"end":{"line":64,"column":5}},"type":"if","locations":[{"start":{"line":62,"column":4},"end":{"line":64,"column":5}},{"start":{},"end":{}}],"line":62}},"s":{"0":0,"1":0,"2":0,"3":0,"4":0,"5":0,"6":0,"7":0,"8":0,"9":0,"10":0,"11":0,"12":0,"13":0,"14":0,"15":0,"16":0,"17":0,"18":0,"19":0,"20":0,"21":0,"22":0,"23":0,"24":0,"25":0,"26":0,"27":0,"28":0,"29":0,"30":0,"31":0,"32":0,"33":0,"34":0,"35":0,"36":0,"37":0,"38":0,"39":0,"40":0},"f":{"0":0,"1":0,"2":0,"3":0,"4":0,"5":0,"6":0},"b":{"0":[0,0],"1":[0,0],"2":[0,0],"3":[0,0],"4":[0,0],"5":[0,0],"6":[0,0],"7":[0],"8":[0],"9":[0],"10":[0],"11":[0],"12":[0],"13":[0],"14":[0],"15":[0,0]}}
,"E:\\workspace\\AtlasExplorer\\src\\categories.js": {"path":"E:\\workspace\\AtlasExplorer\\src\\categories.js","statementMap":{"0":{"start":{"line":1,"column":12},"end":{"line":1,"column":25}},"1":{"start":{"line":2,"column":13},"end":{"line":2,"column":28}},"2":{"start":{"line":3,"column":11},"end":{"line":3,"column":24}},"3":{"start":{"line":4,"column":15},"end":{"line":4,"column":34}},"4":{"start":{"line":5,"column":11},"end":{"line":5,"column":26}},"5":{"start":{"line":7,"column":23},"end":{"line":7,"column":78}},"6":{"start":{"line":8,"column":22},"end":{"line":8,"column":80}},"7":{"start":{"line":9,"column":21},"end":{"line":9,"column":78}},"8":{"start":{"line":10,"column":28},"end":{"line":10,"column":80}},"9":{"start":{"line":14,"column":4},"end":{"line":14,"column":29}},"10":{"start":{"line":15,"column":4},"end":{"line":15,"column":29}},"11":{"start":{"line":16,"column":4},"end":{"line":16,"column":37}},"12":{"start":{"line":23,"column":4},"end":{"line":36,"column":5}},"13":{"start":{"line":24,"column":6},"end":{"line":35,"column":7}},"14":{"start":{"line":26,"column":8},"end":{"line":32,"column":9}},"15":{"start":{"line":27,"column":32},"end":{"line":27,"column":76}},"16":{"start":{"line":28,"column":10},"end":{"line":28,"column":56}},"17":{"start":{"line":29,"column":10},"end":{"line":29,"column":58}},"18":{"start":{"line":31,"column":10},"end":{"line":31,"column":81}},"19":{"start":{"line":34,"column":8},"end":{"line":34,"column":72}},"20":{"start":{"line":44,"column":4},"end":{"line":46,"column":5}},"21":{"start":{"line":45,"column":6},"end":{"line":45,"column":56}},"22":{"start":{"line":49,"column":32},"end":{"line":49,"column":73}},"23":{"start":{"line":50,"column":4},"end":{"line":60,"column":5}},"24":{"start":{"line":51,"column":30},"end":{"line":58,"column":7}},"25":{"start":{"line":59,"column":6},"end":{"line":59,"column":86}},"26":{"start":{"line":67,"column":4},"end":{"line":92,"column":5}},"27":{"start":{"line":68,"column":23},"end":{"line":68,"column":41}},"28":{"start":{"line":71,"column":6},"end":{"line":89,"column":7}},"29":{"start":{"line":72,"column":8},"end":{"line":72,"column":89}},"30":{"start":{"line":75,"column":8},"end":{"line":82,"column":9}},"31":{"start":{"line":76,"column":10},"end":{"line":81,"column":11}},"32":{"start":{"line":77,"column":12},"end":{"line":77,"column":62}},"33":{"start":{"line":78,"column":12},"end":{"line":78,"column":78}},"34":{"start":{"line":80,"column":12},"end":{"line":80,"column":85}},"35":{"start":{"line":85,"column":8},"end":{"line":85,"column":39}},"36":{"start":{"line":86,"column":8},"end":{"line":86,"column":36}},"37":{"start":{"line":88,"column":8},"end":{"line":88,"column":86}},"38":{"start":{"line":91,"column":6},"end":{"line":91,"column":67}},"39":{"start":{"line":99,"column":23},"end":{"line":99,"column":25}},"40":{"start":{"line":101,"column":4},"end":{"line":126,"column":5}},"41":{"start":{"line":102,"column":20},"end":{"line":102,"column":50}},"42":{"start":{"line":104,"column":6},"end":{"line":123,"column":7}},"43":{"start":{"line":105,"column":8},"end":{"line":122,"column":9}},"44":{"start":{"line":106,"column":27},"end":{"line":106,"column":58}},"45":{"start":{"line":107,"column":26},"end":{"line":107,"column":59}},"46":{"start":{"line":108,"column":27},"end":{"line":108,"column":46}},"47":{"start":{"line":110,"column":10},"end":{"line":112,"column":11}},"48":{"start":{"line":111,"column":12},"end":{"line":111,"column":38}},"49":{"start":{"line":114,"column":10},"end":{"line":116,"column":11}},"50":{"start":{"line":115,"column":12},"end":{"line":115,"column":44}},"51":{"start":{"line":118,"column":10},"end":{"line":120,"column":11}},"52":{"start":{"line":119,"column":12},"end":{"line":119,"column":37}},"53":{"start":{"line":121,"column":10},"end":{"line":121,"column":47}},"54":{"start":{"line":125,"column":6},"end":{"line":125,"column":61}},"55":{"start":{"line":128,"column":4},"end":{"line":128,"column":22}},"56":{"start":{"line":135,"column":23},"end":{"line":135,"column":44}},"57":{"start":{"line":136,"column":4},"end":{"line":136,"column":36}},"58":{"start":{"line":143,"column":4},"end":{"line":145,"column":5}},"59":{"start":{"line":144,"column":6},"end":{"line":144,"column":86}},"60":{"start":{"line":147,"column":21},"end":{"line":155,"column":5}},"61":{"start":{"line":157,"column":21},"end":{"line":157,"column":62}},"62":{"start":{"line":158,"column":4},"end":{"line":158,"column":66}},"63":{"start":{"line":160,"column":4},"end":{"line":160,"column":20}},"64":{"start":{"line":168,"column":29},"end":{"line":168,"column":51}},"65":{"start":{"line":169,"column":28},"end":{"line":169,"column":114}},"66":{"start":{"line":170,"column":30},"end":{"line":170,"column":101}},"67":{"start":{"line":172,"column":21},"end":{"line":180,"column":5}},"68":{"start":{"line":182,"column":21},"end":{"line":182,"column":62}},"69":{"start":{"line":183,"column":4},"end":{"line":183,"column":66}},"70":{"start":{"line":185,"column":4},"end":{"line":185,"column":20}},"71":{"start":{"line":192,"column":4},"end":{"line":194,"column":5}},"72":{"start":{"line":193,"column":6},"end":{"line":193,"column":60}},"73":{"start":{"line":196,"column":21},"end":{"line":196,"column":62}},"74":{"start":{"line":197,"column":4},"end":{"line":199,"column":5}},"75":{"start":{"line":198,"column":6},"end":{"line":198,"column":30}},"76":{"start":{"line":210,"column":4},"end":{"line":252,"column":5}},"77":{"start":{"line":211,"column":22},"end":{"line":211,"column":60}},"78":{"start":{"line":212,"column":23},"end":{"line":212,"column":42}},"79":{"start":{"line":214,"column":6},"end":{"line":216,"column":7}},"80":{"start":{"line":215,"column":8},"end":{"line":215,"column":47}},"81":{"start":{"line":218,"column":6},"end":{"line":220,"column":7}},"82":{"start":{"line":219,"column":8},"end":{"line":219,"column":42}},"83":{"start":{"line":222,"column":6},"end":{"line":224,"column":7}},"84":{"start":{"line":223,"column":8},"end":{"line":223,"column":44}},"85":{"start":{"line":225,"column":6},"end":{"line":227,"column":7}},"86":{"start":{"line":226,"column":8},"end":{"line":226,"column":48}},"87":{"start":{"line":228,"column":6},"end":{"line":230,"column":7}},"88":{"start":{"line":229,"column":8},"end":{"line":229,"column":59}},"89":{"start":{"line":231,"column":6},"end":{"line":233,"column":7}},"90":{"start":{"line":232,"column":8},"end":{"line":232,"column":36}},"91":{"start":{"line":234,"column":6},"end":{"line":236,"column":7}},"92":{"start":{"line":235,"column":8},"end":{"line":235,"column":52}},"93":{"start":{"line":237,"column":6},"end":{"line":239,"column":7}},"94":{"start":{"line":238,"column":8},"end":{"line":238,"column":50}},"95":{"start":{"line":240,"column":6},"end":{"line":240,"column":22}},"96":{"start":{"line":242,"column":6},"end":{"line":251,"column":8}},"97":{"start":{"line":259,"column":4},"end":{"line":259,"column":71}},"98":{"start":{"line":266,"column":4},"end":{"line":286,"column":5}},"99":{"start":{"line":267,"column":22},"end":{"line":267,"column":59}},"100":{"start":{"line":268,"column":6},"end":{"line":268,"column":33}},"101":{"start":{"line":270,"column":6},"end":{"line":270,"column":58}},"102":{"start":{"line":272,"column":6},"end":{"line":285,"column":8}},"103":{"start":{"line":293,"column":4},"end":{"line":310,"column":5}},"104":{"start":{"line":295,"column":6},"end":{"line":304,"column":7}},"105":{"start":{"line":296,"column":25},"end":{"line":296,"column":27}},"106":{"start":{"line":297,"column":8},"end":{"line":303,"column":9}},"107":{"start":{"line":298,"column":22},"end":{"line":298,"column":36}},"108":{"start":{"line":299,"column":10},"end":{"line":301,"column":11}},"109":{"start":{"line":300,"column":12},"end":{"line":300,"column":127}},"110":{"start":{"line":302,"column":10},"end":{"line":302,"column":35}},"111":{"start":{"line":305,"column":6},"end":{"line":305,"column":74}},"112":{"start":{"line":306,"column":6},"end":{"line":306,"column":48}},"113":{"start":{"line":308,"column":6},"end":{"line":308,"column":57}},"114":{"start":{"line":309,"column":6},"end":{"line":309,"column":16}},"115":{"start":{"line":317,"column":4},"end":{"line":317,"column":54}},"116":{"start":{"line":324,"column":4},"end":{"line":324,"column":47}},"117":{"start":{"line":331,"column":4},"end":{"line":337,"column":5}},"118":{"start":{"line":332,"column":20},"end":{"line":332,"column":39}},"119":{"start":{"line":333,"column":22},"end":{"line":333,"column":44}},"120":{"start":{"line":334,"column":6},"end":{"line":334,"column":33}},"121":{"start":{"line":336,"column":6},"end":{"line":336,"column":19}},"122":{"start":{"line":345,"column":23},"end":{"line":345,"column":44}},"123":{"start":{"line":348,"column":23},"end":{"line":348,"column":60}},"124":{"start":{"line":349,"column":4},"end":{"line":351,"column":5}},"125":{"start":{"line":350,"column":6},"end":{"line":350,"column":36}},"126":{"start":{"line":354,"column":4},"end":{"line":362,"column":5}},"127":{"start":{"line":355,"column":6},"end":{"line":361,"column":7}},"128":{"start":{"line":356,"column":8},"end":{"line":360,"column":9}},"129":{"start":{"line":357,"column":10},"end":{"line":359,"column":11}},"130":{"start":{"line":358,"column":12},"end":{"line":358,"column":28}},"131":{"start":{"line":365,"column":4},"end":{"line":365,"column":65}},"132":{"start":{"line":372,"column":4},"end":{"line":377,"column":6}},"133":{"start":{"line":381,"column":0},"end":{"line":381,"column":39}}},"fnMap":{"0":{"name":"(anonymous_0)","decl":{"start":{"line":13,"column":2},"end":{"line":13,"column":3}},"loc":{"start":{"line":13,"column":16},"end":{"line":17,"column":3}},"line":13},"1":{"name":"(anonymous_1)","decl":{"start":{"line":22,"column":2},"end":{"line":22,"column":3}},"loc":{"start":{"line":22,"column":22},"end":{"line":37,"column":3}},"line":22},"2":{"name":"(anonymous_2)","decl":{"start":{"line":42,"column":2},"end":{"line":42,"column":3}},"loc":{"start":{"line":42,"column":22},"end":{"line":61,"column":3}},"line":42},"3":{"name":"(anonymous_3)","decl":{"start":{"line":66,"column":2},"end":{"line":66,"column":3}},"loc":{"start":{"line":66,"column":30},"end":{"line":93,"column":3}},"line":66},"4":{"name":"(anonymous_4)","decl":{"start":{"line":98,"column":2},"end":{"line":98,"column":3}},"loc":{"start":{"line":98,"column":19},"end":{"line":129,"column":3}},"line":98},"5":{"name":"(anonymous_5)","decl":{"start":{"line":134,"column":2},"end":{"line":134,"column":3}},"loc":{"start":{"line":134,"column":20},"end":{"line":137,"column":3}},"line":134},"6":{"name":"(anonymous_6)","decl":{"start":{"line":142,"column":2},"end":{"line":142,"column":3}},"loc":{"start":{"line":142,"column":117},"end":{"line":161,"column":3}},"line":142},"7":{"name":"(anonymous_7)","decl":{"start":{"line":166,"column":2},"end":{"line":166,"column":3}},"loc":{"start":{"line":166,"column":118},"end":{"line":186,"column":3}},"line":166},"8":{"name":"(anonymous_8)","decl":{"start":{"line":191,"column":2},"end":{"line":191,"column":3}},"loc":{"start":{"line":191,"column":23},"end":{"line":204,"column":3}},"line":191},"9":{"name":"(anonymous_9)","decl":{"start":{"line":209,"column":2},"end":{"line":209,"column":3}},"loc":{"start":{"line":209,"column":16},"end":{"line":253,"column":3}},"line":209},"10":{"name":"(anonymous_10)","decl":{"start":{"line":258,"column":2},"end":{"line":258,"column":3}},"loc":{"start":{"line":258,"column":25},"end":{"line":260,"column":3}},"line":258},"11":{"name":"(anonymous_11)","decl":{"start":{"line":265,"column":2},"end":{"line":265,"column":3}},"loc":{"start":{"line":265,"column":15},"end":{"line":287,"column":3}},"line":265},"12":{"name":"(anonymous_12)","decl":{"start":{"line":292,"column":2},"end":{"line":292,"column":3}},"loc":{"start":{"line":292,"column":26},"end":{"line":311,"column":3}},"line":292},"13":{"name":"(anonymous_13)","decl":{"start":{"line":316,"column":2},"end":{"line":316,"column":3}},"loc":{"start":{"line":316,"column":49},"end":{"line":318,"column":3}},"line":316},"14":{"name":"(anonymous_14)","decl":{"start":{"line":323,"column":2},"end":{"line":323,"column":3}},"loc":{"start":{"line":323,"column":35},"end":{"line":325,"column":3}},"line":323},"15":{"name":"(anonymous_15)","decl":{"start":{"line":330,"column":2},"end":{"line":330,"column":3}},"loc":{"start":{"line":330,"column":35},"end":{"line":338,"column":3}},"line":330},"16":{"name":"(anonymous_16)","decl":{"start":{"line":344,"column":2},"end":{"line":344,"column":3}},"loc":{"start":{"line":344,"column":35},"end":{"line":366,"column":3}},"line":344},"17":{"name":"(anonymous_17)","decl":{"start":{"line":371,"column":2},"end":{"line":371,"column":3}},"loc":{"start":{"line":371,"column":26},"end":{"line":378,"column":3}},"line":371}},"branchMap":{"0":{"loc":{"start":{"line":23,"column":4},"end":{"line":36,"column":5}},"type":"if","locations":[{"start":{"line":23,"column":4},"end":{"line":36,"column":5}},{"start":{},"end":{}}],"line":23},"1":{"loc":{"start":{"line":26,"column":8},"end":{"line":32,"column":9}},"type":"if","locations":[{"start":{"line":26,"column":8},"end":{"line":32,"column":9}},{"start":{"line":30,"column":15},"end":{"line":32,"column":9}}],"line":26},"2":{"loc":{"start":{"line":44,"column":4},"end":{"line":46,"column":5}},"type":"if","locations":[{"start":{"line":44,"column":4},"end":{"line":46,"column":5}},{"start":{},"end":{}}],"line":44},"3":{"loc":{"start":{"line":50,"column":4},"end":{"line":60,"column":5}},"type":"if","locations":[{"start":{"line":50,"column":4},"end":{"line":60,"column":5}},{"start":{},"end":{}}],"line":50},"4":{"loc":{"start":{"line":71,"column":6},"end":{"line":89,"column":7}},"type":"if","locations":[{"start":{"line":71,"column":6},"end":{"line":89,"column":7}},{"start":{},"end":{}}],"line":71},"5":{"loc":{"start":{"line":71,"column":10},"end":{"line":71,"column":84}},"type":"binary-expr","locations":[{"start":{"line":71,"column":10},"end":{"line":71,"column":33}},{"start":{"line":71,"column":37},"end":{"line":71,"column":84}}],"line":71},"6":{"loc":{"start":{"line":105,"column":8},"end":{"line":122,"column":9}},"type":"if","locations":[{"start":{"line":105,"column":8},"end":{"line":122,"column":9}},{"start":{},"end":{}}],"line":105},"7":{"loc":{"start":{"line":110,"column":10},"end":{"line":112,"column":11}},"type":"if","locations":[{"start":{"line":110,"column":10},"end":{"line":112,"column":11}},{"start":{},"end":{}}],"line":110},"8":{"loc":{"start":{"line":114,"column":10},"end":{"line":116,"column":11}},"type":"if","locations":[{"start":{"line":114,"column":10},"end":{"line":116,"column":11}},{"start":{},"end":{}}],"line":114},"9":{"loc":{"start":{"line":118,"column":10},"end":{"line":120,"column":11}},"type":"if","locations":[{"start":{"line":118,"column":10},"end":{"line":120,"column":11}},{"start":{},"end":{}}],"line":118},"10":{"loc":{"start":{"line":136,"column":11},"end":{"line":136,"column":35}},"type":"binary-expr","locations":[{"start":{"line":136,"column":11},"end":{"line":136,"column":27}},{"start":{"line":136,"column":31},"end":{"line":136,"column":35}}],"line":136},"11":{"loc":{"start":{"line":142,"column":43},"end":{"line":142,"column":56}},"type":"default-arg","locations":[{"start":{"line":142,"column":54},"end":{"line":142,"column":56}}],"line":142},"12":{"loc":{"start":{"line":142,"column":58},"end":{"line":142,"column":74}},"type":"default-arg","locations":[{"start":{"line":142,"column":72},"end":{"line":142,"column":74}}],"line":142},"13":{"loc":{"start":{"line":142,"column":76},"end":{"line":142,"column":98}},"type":"default-arg","locations":[{"start":{"line":142,"column":93},"end":{"line":142,"column":98}}],"line":142},"14":{"loc":{"start":{"line":142,"column":100},"end":{"line":142,"column":115}},"type":"default-arg","locations":[{"start":{"line":142,"column":113},"end":{"line":142,"column":115}}],"line":142},"15":{"loc":{"start":{"line":143,"column":4},"end":{"line":145,"column":5}},"type":"if","locations":[{"start":{"line":143,"column":4},"end":{"line":145,"column":5}},{"start":{},"end":{}}],"line":143},"16":{"loc":{"start":{"line":166,"column":43},"end":{"line":166,"column":56}},"type":"default-arg","locations":[{"start":{"line":166,"column":54},"end":{"line":166,"column":56}}],"line":166},"17":{"loc":{"start":{"line":166,"column":58},"end":{"line":166,"column":74}},"type":"default-arg","locations":[{"start":{"line":166,"column":72},"end":{"line":166,"column":74}}],"line":166},"18":{"loc":{"start":{"line":166,"column":76},"end":{"line":166,"column":97}},"type":"default-arg","locations":[{"start":{"line":166,"column":93},"end":{"line":166,"column":97}}],"line":166},"19":{"loc":{"start":{"line":166,"column":99},"end":{"line":166,"column":116}},"type":"default-arg","locations":[{"start":{"line":166,"column":112},"end":{"line":166,"column":116}}],"line":166},"20":{"loc":{"start":{"line":169,"column":28},"end":{"line":169,"column":114}},"type":"cond-expr","locations":[{"start":{"line":169,"column":54},"end":{"line":169,"column":68}},{"start":{"line":169,"column":72},"end":{"line":169,"column":113}}],"line":169},"21":{"loc":{"start":{"line":169,"column":72},"end":{"line":169,"column":113}},"type":"binary-expr","locations":[{"start":{"line":169,"column":72},"end":{"line":169,"column":104}},{"start":{"line":169,"column":108},"end":{"line":169,"column":113}}],"line":169},"22":{"loc":{"start":{"line":170,"column":30},"end":{"line":170,"column":101}},"type":"cond-expr","locations":[{"start":{"line":170,"column":52},"end":{"line":170,"column":62}},{"start":{"line":170,"column":66},"end":{"line":170,"column":100}}],"line":170},"23":{"loc":{"start":{"line":170,"column":66},"end":{"line":170,"column":100}},"type":"binary-expr","locations":[{"start":{"line":170,"column":66},"end":{"line":170,"column":94}},{"start":{"line":170,"column":98},"end":{"line":170,"column":100}}],"line":170},"24":{"loc":{"start":{"line":192,"column":4},"end":{"line":194,"column":5}},"type":"if","locations":[{"start":{"line":192,"column":4},"end":{"line":194,"column":5}},{"start":{},"end":{}}],"line":192},"25":{"loc":{"start":{"line":197,"column":4},"end":{"line":199,"column":5}},"type":"if","locations":[{"start":{"line":197,"column":4},"end":{"line":199,"column":5}},{"start":{},"end":{}}],"line":197},"26":{"loc":{"start":{"line":214,"column":6},"end":{"line":216,"column":7}},"type":"if","locations":[{"start":{"line":214,"column":6},"end":{"line":216,"column":7}},{"start":{},"end":{}}],"line":214},"27":{"loc":{"start":{"line":218,"column":6},"end":{"line":220,"column":7}},"type":"if","locations":[{"start":{"line":218,"column":6},"end":{"line":220,"column":7}},{"start":{},"end":{}}],"line":218},"28":{"loc":{"start":{"line":222,"column":6},"end":{"line":224,"column":7}},"type":"if","locations":[{"start":{"line":222,"column":6},"end":{"line":224,"column":7}},{"start":{},"end":{}}],"line":222},"29":{"loc":{"start":{"line":225,"column":6},"end":{"line":227,"column":7}},"type":"if","locations":[{"start":{"line":225,"column":6},"end":{"line":227,"column":7}},{"start":{},"end":{}}],"line":225},"30":{"loc":{"start":{"line":228,"column":6},"end":{"line":230,"column":7}},"type":"if","locations":[{"start":{"line":228,"column":6},"end":{"line":230,"column":7}},{"start":{},"end":{}}],"line":228},"31":{"loc":{"start":{"line":231,"column":6},"end":{"line":233,"column":7}},"type":"if","locations":[{"start":{"line":231,"column":6},"end":{"line":233,"column":7}},{"start":{},"end":{}}],"line":231},"32":{"loc":{"start":{"line":234,"column":6},"end":{"line":236,"column":7}},"type":"if","locations":[{"start":{"line":234,"column":6},"end":{"line":236,"column":7}},{"start":{},"end":{}}],"line":234},"33":{"loc":{"start":{"line":237,"column":6},"end":{"line":239,"column":7}},"type":"if","locations":[{"start":{"line":237,"column":6},"end":{"line":239,"column":7}},{"start":{},"end":{}}],"line":237},"34":{"loc":{"start":{"line":299,"column":10},"end":{"line":301,"column":11}},"type":"if","locations":[{"start":{"line":299,"column":10},"end":{"line":301,"column":11}},{"start":{},"end":{}}],"line":299},"35":{"loc":{"start":{"line":349,"column":4},"end":{"line":351,"column":5}},"type":"if","locations":[{"start":{"line":349,"column":4},"end":{"line":351,"column":5}},{"start":{},"end":{}}],"line":349},"36":{"loc":{"start":{"line":349,"column":8},"end":{"line":349,"column":44}},"type":"binary-expr","locations":[{"start":{"line":349,"column":8},"end":{"line":349,"column":18}},{"start":{"line":349,"column":22},"end":{"line":349,"column":44}}],"line":349},"37":{"loc":{"start":{"line":355,"column":6},"end":{"line":361,"column":7}},"type":"if","locations":[{"start":{"line":355,"column":6},"end":{"line":361,"column":7}},{"start":{},"end":{}}],"line":355},"38":{"loc":{"start":{"line":355,"column":10},"end":{"line":355,"column":63}},"type":"binary-expr","locations":[{"start":{"line":355,"column":10},"end":{"line":355,"column":27}},{"start":{"line":355,"column":31},"end":{"line":355,"column":63}}],"line":355},"39":{"loc":{"start":{"line":357,"column":10},"end":{"line":359,"column":11}},"type":"if","locations":[{"start":{"line":357,"column":10},"end":{"line":359,"column":11}},{"start":{},"end":{}}],"line":357},"40":{"loc":{"start":{"line":365,"column":11},"end":{"line":365,"column":64}},"type":"binary-expr","locations":[{"start":{"line":365,"column":11},"end":{"line":365,"column":32}},{"start":{"line":365,"column":36},"end":{"line":365,"column":64}}],"line":365}},"s":{"0":1,"1":1,"2":1,"3":1,"4":1,"5":1,"6":1,"7":1,"8":1,"9":1,"10":1,"11":1,"12":1,"13":1,"14":1,"15":0,"16":0,"17":0,"18":1,"19":0,"20":4,"21":3,"22":4,"23":4,"24":3,"25":3,"26":1,"27":1,"28":1,"29":0,"30":0,"31":0,"32":0,"33":0,"34":0,"35":0,"36":0,"37":0,"38":0,"39":6,"40":6,"41":6,"42":6,"43":12,"44":9,"45":9,"46":8,"47":8,"48":5,"49":8,"50":7,"51":8,"52":8,"53":8,"54":1,"55":6,"56":2,"57":2,"58":3,"59":1,"60":2,"61":2,"62":2,"63":2,"64":0,"65":0,"66":0,"67":0,"68":0,"69":0,"70":0,"71":0,"72":0,"73":0,"74":0,"75":0,"76":1,"77":1,"78":1,"79":0,"80":0,"81":0,"82":0,"83":0,"84":0,"85":0,"86":0,"87":0,"88":0,"89":0,"90":0,"91":0,"92":0,"93":0,"94":0,"95":0,"96":1,"97":0,"98":0,"99":0,"100":0,"101":0,"102":0,"103":0,"104":0,"105":0,"106":0,"107":0,"108":0,"109":0,"110":0,"111":0,"112":0,"113":0,"114":0,"115":0,"116":0,"117":0,"118":0,"119":0,"120":0,"121":0,"122":0,"123":0,"124":0,"125":0,"126":0,"127":0,"128":0,"129":0,"130":0,"131":0,"132":0,"133":1},"f":{"0":1,"1":1,"2":4,"3":1,"4":6,"5":2,"6":3,"7":0,"8":0,"9":1,"10":0,"11":0,"12":0,"13":0,"14":0,"15":0,"16":0,"17":0},"b":{"0":[1,0],"1":[0,1],"2":[3,1],"3":[3,1],"4":[0,1],"5":[1,0],"6":[9,3],"7":[5,3],"8":[7,1],"9":[8,0],"10":[2,1],"11":[2],"12":[2],"13":[3],"14":[3],"15":[1,2],"16":[0],"17":[0],"18":[0],"19":[0],"20":[0,0],"21":[0,0],"22":[0,0],"23":[0,0],"24":[0,0],"25":[0,0],"26":[0,0],"27":[0,0],"28":[0,0],"29":[0,0],"30":[0,0],"31":[0,0],"32":[0,0],"33":[0,0],"34":[0,0],"35":[0,0],"36":[0,0],"37":[0,0],"38":[0,0],"39":[0,0],"40":[0,0]},"_coverageSchema":"1a1c01bbd47fc00a2c39e90264f33305004495a9","hash":"9d2797fbb3590284ea6a7c2d5608d40d36f86f84"}
,"E:\\workspace\\AtlasExplorer\\src\\checksum.js": {"path":"E:\\workspace\\AtlasExplorer\\src\\checksum.js","statementMap":{"0":{"start":{"line":1,"column":11},"end":{"line":1,"column":24}},"1":{"start":{"line":2,"column":15},"end":{"line":2,"column":32}},"2":{"start":{"line":3,"column":15},"end":{"line":3,"column":34}},"3":{"start":{"line":14,"column":4},"end":{"line":36,"column":7}},"4":{"start":{"line":15,"column":6},"end":{"line":35,"column":7}},"5":{"start":{"line":16,"column":21},"end":{"line":16,"column":45}},"6":{"start":{"line":17,"column":23},"end":{"line":17,"column":82}},"7":{"start":{"line":19,"column":8},"end":{"line":21,"column":11}},"8":{"start":{"line":20,"column":10},"end":{"line":20,"column":29}},"9":{"start":{"line":23,"column":8},"end":{"line":26,"column":11}},"10":{"start":{"line":24,"column":32},"end":{"line":24,"column":50}},"11":{"start":{"line":25,"column":10},"end":{"line":25,"column":57}},"12":{"start":{"line":28,"column":8},"end":{"line":31,"column":11}},"13":{"start":{"line":29,"column":10},"end":{"line":29,"column":83}},"14":{"start":{"line":30,"column":10},"end":{"line":30,"column":55}},"15":{"start":{"line":33,"column":8},"end":{"line":33,"column":77}},"16":{"start":{"line":34,"column":8},"end":{"line":34,"column":53}},"17":{"start":{"line":46,"column":19},"end":{"line":46,"column":52}},"18":{"start":{"line":48,"column":4},"end":{"line":50,"column":5}},"19":{"start":{"line":49,"column":6},"end":{"line":49,"column":66}},"20":{"start":{"line":52,"column":20},"end":{"line":52,"column":53}},"21":{"start":{"line":53,"column":4},"end":{"line":53,"column":57}},"22":{"start":{"line":57,"column":0},"end":{"line":57,"column":39}}},"fnMap":{"0":{"name":"(anonymous_0)","decl":{"start":{"line":13,"column":2},"end":{"line":13,"column":3}},"loc":{"start":{"line":13,"column":50},"end":{"line":37,"column":3}},"line":13},"1":{"name":"(anonymous_1)","decl":{"start":{"line":14,"column":23},"end":{"line":14,"column":24}},"loc":{"start":{"line":14,"column":36},"end":{"line":36,"column":5}},"line":14},"2":{"name":"(anonymous_2)","decl":{"start":{"line":19,"column":26},"end":{"line":19,"column":27}},"loc":{"start":{"line":19,"column":37},"end":{"line":21,"column":9}},"line":19},"3":{"name":"(anonymous_3)","decl":{"start":{"line":23,"column":25},"end":{"line":23,"column":26}},"loc":{"start":{"line":23,"column":31},"end":{"line":26,"column":9}},"line":23},"4":{"name":"(anonymous_4)","decl":{"start":{"line":28,"column":27},"end":{"line":28,"column":28}},"loc":{"start":{"line":28,"column":36},"end":{"line":31,"column":9}},"line":28},"5":{"name":"(anonymous_5)","decl":{"start":{"line":45,"column":2},"end":{"line":45,"column":3}},"loc":{"start":{"line":45,"column":52},"end":{"line":54,"column":3}},"line":45}},"branchMap":{"0":{"loc":{"start":{"line":13,"column":31},"end":{"line":13,"column":48}},"type":"default-arg","locations":[{"start":{"line":13,"column":43},"end":{"line":13,"column":48}}],"line":13},"1":{"loc":{"start":{"line":48,"column":4},"end":{"line":50,"column":5}},"type":"if","locations":[{"start":{"line":48,"column":4},"end":{"line":50,"column":5}},{"start":{},"end":{}}],"line":48}},"s":{"0":1,"1":1,"2":1,"3":7,"4":7,"5":7,"6":7,"7":7,"8":2,"9":7,"10":5,"11":5,"12":7,"13":2,"14":2,"15":0,"16":0,"17":3,"18":3,"19":1,"20":2,"21":2,"22":1},"f":{"0":7,"1":7,"2":2,"3":5,"4":2,"5":3},"b":{"0":[6],"1":[1,2]},"_coverageSchema":"1a1c01bbd47fc00a2c39e90264f33305004495a9","hash":"3c30711f666c2225044c14b333400e5a4a2be2be"}
,"E:\\workspace\\AtlasExplorer\\src\\db.js": {"path":"E:\\workspace\\AtlasExplorer\\src\\db.js","statementMap":{"0":{"start":{"line":1,"column":17},"end":{"line":1,"column":42}},"1":{"start":{"line":2,"column":13},"end":{"line":2,"column":28}},"2":{"start":{"line":3,"column":11},"end":{"line":3,"column":24}},"3":{"start":{"line":4,"column":11},"end":{"line":4,"column":24}},"4":{"start":{"line":5,"column":15},"end":{"line":5,"column":34}},"5":{"start":{"line":7,"column":16},"end":{"line":7,"column":72}},"6":{"start":{"line":8,"column":19},"end":{"line":8,"column":60}},"7":{"start":{"line":12,"column":4},"end":{"line":12,"column":19}},"8":{"start":{"line":17,"column":4},"end":{"line":19,"column":5}},"9":{"start":{"line":18,"column":6},"end":{"line":18,"column":52}},"10":{"start":{"line":21,"column":4},"end":{"line":21,"column":36}},"11":{"start":{"line":22,"column":4},"end":{"line":22,"column":41}},"12":{"start":{"line":23,"column":4},"end":{"line":23,"column":24}},"13":{"start":{"line":27,"column":19},"end":{"line":98,"column":5}},"14":{"start":{"line":100,"column":4},"end":{"line":100,"column":25}},"15":{"start":{"line":103,"column":21},"end":{"line":103,"column":70}},"16":{"start":{"line":104,"column":23},"end":{"line":104,"column":64}},"17":{"start":{"line":104,"column":44},"end":{"line":104,"column":63}},"18":{"start":{"line":105,"column":4},"end":{"line":107,"column":5}},"19":{"start":{"line":106,"column":6},"end":{"line":106,"column":64}},"20":{"start":{"line":109,"column":29},"end":{"line":109,"column":76}},"21":{"start":{"line":109,"column":50},"end":{"line":109,"column":75}},"22":{"start":{"line":110,"column":4},"end":{"line":112,"column":5}},"23":{"start":{"line":111,"column":6},"end":{"line":111,"column":67}},"24":{"start":{"line":119,"column":17},"end":{"line":128,"column":6}},"25":{"start":{"line":130,"column":4},"end":{"line":130,"column":75}},"26":{"start":{"line":138,"column":20},"end":{"line":138,"column":76}},"27":{"start":{"line":139,"column":21},"end":{"line":139,"column":41}},"28":{"start":{"line":141,"column":4},"end":{"line":143,"column":5}},"29":{"start":{"line":142,"column":6},"end":{"line":142,"column":25}},"30":{"start":{"line":146,"column":4},"end":{"line":146,"column":74}},"31":{"start":{"line":149,"column":19},"end":{"line":149,"column":39}},"32":{"start":{"line":150,"column":4},"end":{"line":150,"column":21}},"33":{"start":{"line":157,"column":17},"end":{"line":157,"column":72}},"34":{"start":{"line":158,"column":4},"end":{"line":158,"column":29}},"35":{"start":{"line":166,"column":23},"end":{"line":166,"column":38}},"36":{"start":{"line":167,"column":23},"end":{"line":167,"column":57}},"37":{"start":{"line":170,"column":4},"end":{"line":172,"column":5}},"38":{"start":{"line":171,"column":6},"end":{"line":171,"column":18}},"39":{"start":{"line":174,"column":4},"end":{"line":174,"column":41}},"40":{"start":{"line":181,"column":17},"end":{"line":181,"column":67}},"41":{"start":{"line":182,"column":4},"end":{"line":182,"column":24}},"42":{"start":{"line":189,"column":17},"end":{"line":189,"column":82}},"43":{"start":{"line":190,"column":4},"end":{"line":190,"column":83}},"44":{"start":{"line":197,"column":17},"end":{"line":207,"column":6}},"45":{"start":{"line":209,"column":4},"end":{"line":218,"column":6}},"46":{"start":{"line":225,"column":17},"end":{"line":227,"column":6}},"47":{"start":{"line":228,"column":4},"end":{"line":228,"column":28}},"48":{"start":{"line":235,"column":17},"end":{"line":237,"column":6}},"49":{"start":{"line":238,"column":4},"end":{"line":238,"column":35}},"50":{"start":{"line":245,"column":17},"end":{"line":247,"column":6}},"51":{"start":{"line":248,"column":4},"end":{"line":248,"column":38}},"52":{"start":{"line":255,"column":25},"end":{"line":255,"column":72}},"53":{"start":{"line":256,"column":22},"end":{"line":256,"column":33}},"54":{"start":{"line":258,"column":4},"end":{"line":264,"column":5}},"55":{"start":{"line":260,"column":6},"end":{"line":260,"column":26}},"56":{"start":{"line":261,"column":11},"end":{"line":264,"column":5}},"57":{"start":{"line":263,"column":6},"end":{"line":263,"column":35}},"58":{"start":{"line":266,"column":4},"end":{"line":268,"column":6}},"59":{"start":{"line":275,"column":17},"end":{"line":277,"column":6}},"60":{"start":{"line":278,"column":4},"end":{"line":278,"column":52}},"61":{"start":{"line":285,"column":17},"end":{"line":287,"column":6}},"62":{"start":{"line":288,"column":4},"end":{"line":288,"column":66}},"63":{"start":{"line":295,"column":17},"end":{"line":297,"column":6}},"64":{"start":{"line":298,"column":19},"end":{"line":298,"column":42}},"65":{"start":{"line":299,"column":4},"end":{"line":299,"column":48}},"66":{"start":{"line":306,"column":17},"end":{"line":312,"column":6}},"67":{"start":{"line":313,"column":4},"end":{"line":313,"column":29}},"68":{"start":{"line":320,"column":17},"end":{"line":322,"column":6}},"69":{"start":{"line":323,"column":4},"end":{"line":323,"column":29}},"70":{"start":{"line":331,"column":17},"end":{"line":333,"column":6}},"71":{"start":{"line":334,"column":4},"end":{"line":334,"column":35}},"72":{"start":{"line":341,"column":17},"end":{"line":346,"column":6}},"73":{"start":{"line":347,"column":4},"end":{"line":347,"column":36}},"74":{"start":{"line":354,"column":17},"end":{"line":354,"column":82}},"75":{"start":{"line":355,"column":4},"end":{"line":355,"column":39}},"76":{"start":{"line":362,"column":17},"end":{"line":362,"column":79}},"77":{"start":{"line":363,"column":19},"end":{"line":363,"column":36}},"78":{"start":{"line":364,"column":4},"end":{"line":364,"column":43}},"79":{"start":{"line":371,"column":17},"end":{"line":371,"column":78}},"80":{"start":{"line":372,"column":4},"end":{"line":372,"column":35}},"81":{"start":{"line":379,"column":17},"end":{"line":379,"column":109}},"82":{"start":{"line":380,"column":4},"end":{"line":380,"column":58}},"83":{"start":{"line":387,"column":17},"end":{"line":387,"column":92}},"84":{"start":{"line":388,"column":4},"end":{"line":388,"column":41}},"85":{"start":{"line":395,"column":19},"end":{"line":395,"column":95}},"86":{"start":{"line":396,"column":4},"end":{"line":396,"column":24}},"87":{"start":{"line":396,"column":17},"end":{"line":396,"column":24}},"88":{"start":{"line":397,"column":34},"end":{"line":397,"column":40}},"89":{"start":{"line":398,"column":16},"end":{"line":398,"column":108}},"90":{"start":{"line":399,"column":18},"end":{"line":399,"column":20}},"91":{"start":{"line":400,"column":4},"end":{"line":403,"column":5}},"92":{"start":{"line":401,"column":6},"end":{"line":401,"column":54}},"93":{"start":{"line":401,"column":12},"end":{"line":401,"column":43}},"94":{"start":{"line":402,"column":6},"end":{"line":402,"column":48}},"95":{"start":{"line":402,"column":35},"end":{"line":402,"column":48}},"96":{"start":{"line":404,"column":4},"end":{"line":404,"column":58}},"97":{"start":{"line":404,"column":36},"end":{"line":404,"column":58}},"98":{"start":{"line":405,"column":20},"end":{"line":405,"column":43}},"99":{"start":{"line":406,"column":4},"end":{"line":411,"column":5}},"100":{"start":{"line":407,"column":6},"end":{"line":407,"column":111}},"101":{"start":{"line":410,"column":6},"end":{"line":410,"column":187}},"102":{"start":{"line":418,"column":19},"end":{"line":418,"column":88}},"103":{"start":{"line":419,"column":4},"end":{"line":419,"column":29}},"104":{"start":{"line":419,"column":17},"end":{"line":419,"column":29}},"105":{"start":{"line":420,"column":16},"end":{"line":420,"column":111}},"106":{"start":{"line":421,"column":4},"end":{"line":421,"column":47}},"107":{"start":{"line":428,"column":16},"end":{"line":428,"column":107}},"108":{"start":{"line":429,"column":18},"end":{"line":429,"column":20}},"109":{"start":{"line":430,"column":4},"end":{"line":433,"column":5}},"110":{"start":{"line":431,"column":6},"end":{"line":431,"column":54}},"111":{"start":{"line":431,"column":12},"end":{"line":431,"column":43}},"112":{"start":{"line":432,"column":6},"end":{"line":432,"column":48}},"113":{"start":{"line":432,"column":35},"end":{"line":432,"column":48}},"114":{"start":{"line":434,"column":4},"end":{"line":434,"column":49}},"115":{"start":{"line":434,"column":34},"end":{"line":434,"column":47}},"116":{"start":{"line":435,"column":20},"end":{"line":435,"column":71}},"117":{"start":{"line":436,"column":4},"end":{"line":436,"column":108}},"118":{"start":{"line":443,"column":19},"end":{"line":443,"column":88}},"119":{"start":{"line":444,"column":4},"end":{"line":444,"column":24}},"120":{"start":{"line":444,"column":17},"end":{"line":444,"column":24}},"121":{"start":{"line":445,"column":19},"end":{"line":445,"column":28}},"122":{"start":{"line":446,"column":16},"end":{"line":446,"column":108}},"123":{"start":{"line":447,"column":4},"end":{"line":447,"column":21}},"124":{"start":{"line":447,"column":14},"end":{"line":447,"column":21}},"125":{"start":{"line":448,"column":18},"end":{"line":448,"column":20}},"126":{"start":{"line":449,"column":4},"end":{"line":452,"column":5}},"127":{"start":{"line":450,"column":6},"end":{"line":450,"column":54}},"128":{"start":{"line":450,"column":12},"end":{"line":450,"column":43}},"129":{"start":{"line":451,"column":6},"end":{"line":451,"column":48}},"130":{"start":{"line":451,"column":35},"end":{"line":451,"column":48}},"131":{"start":{"line":453,"column":4},"end":{"line":453,"column":49}},"132":{"start":{"line":453,"column":34},"end":{"line":453,"column":47}},"133":{"start":{"line":454,"column":20},"end":{"line":454,"column":71}},"134":{"start":{"line":455,"column":4},"end":{"line":455,"column":109}},"135":{"start":{"line":462,"column":16},"end":{"line":462,"column":107}},"136":{"start":{"line":463,"column":18},"end":{"line":463,"column":20}},"137":{"start":{"line":464,"column":4},"end":{"line":467,"column":5}},"138":{"start":{"line":465,"column":6},"end":{"line":465,"column":54}},"139":{"start":{"line":465,"column":12},"end":{"line":465,"column":43}},"140":{"start":{"line":466,"column":6},"end":{"line":466,"column":48}},"141":{"start":{"line":466,"column":35},"end":{"line":466,"column":48}},"142":{"start":{"line":468,"column":4},"end":{"line":468,"column":58}},"143":{"start":{"line":468,"column":36},"end":{"line":468,"column":58}},"144":{"start":{"line":469,"column":4},"end":{"line":469,"column":124}},"145":{"start":{"line":477,"column":25},"end":{"line":477,"column":146}},"146":{"start":{"line":481,"column":4},"end":{"line":489,"column":5}},"147":{"start":{"line":482,"column":6},"end":{"line":486,"column":7}},"148":{"start":{"line":483,"column":8},"end":{"line":483,"column":38}},"149":{"start":{"line":485,"column":8},"end":{"line":485,"column":26}},"150":{"start":{"line":488,"column":6},"end":{"line":488,"column":69}},"151":{"start":{"line":492,"column":17},"end":{"line":492,"column":33}},"152":{"start":{"line":493,"column":4},"end":{"line":497,"column":5}},"153":{"start":{"line":494,"column":6},"end":{"line":496,"column":7}},"154":{"start":{"line":495,"column":8},"end":{"line":495,"column":104}},"155":{"start":{"line":500,"column":4},"end":{"line":502,"column":5}},"156":{"start":{"line":501,"column":6},"end":{"line":501,"column":53}},"157":{"start":{"line":504,"column":4},"end":{"line":504,"column":15}},"158":{"start":{"line":517,"column":28},"end":{"line":517,"column":65}},"159":{"start":{"line":518,"column":28},"end":{"line":518,"column":107}},"160":{"start":{"line":520,"column":17},"end":{"line":523,"column":6}},"161":{"start":{"line":525,"column":4},"end":{"line":525,"column":73}},"162":{"start":{"line":534,"column":17},"end":{"line":536,"column":6}},"163":{"start":{"line":538,"column":4},"end":{"line":538,"column":43}},"164":{"start":{"line":547,"column":17},"end":{"line":549,"column":6}},"165":{"start":{"line":550,"column":4},"end":{"line":550,"column":27}},"166":{"start":{"line":559,"column":17},"end":{"line":561,"column":6}},"167":{"start":{"line":562,"column":4},"end":{"line":562,"column":27}},"168":{"start":{"line":572,"column":17},"end":{"line":577,"column":6}},"169":{"start":{"line":578,"column":4},"end":{"line":578,"column":43}},"170":{"start":{"line":588,"column":17},"end":{"line":591,"column":6}},"171":{"start":{"line":592,"column":4},"end":{"line":592,"column":41}},"172":{"start":{"line":602,"column":17},"end":{"line":604,"column":6}},"173":{"start":{"line":605,"column":4},"end":{"line":605,"column":43}},"174":{"start":{"line":614,"column":17},"end":{"line":616,"column":6}},"175":{"start":{"line":617,"column":4},"end":{"line":617,"column":31}},"176":{"start":{"line":626,"column":17},"end":{"line":628,"column":6}},"177":{"start":{"line":629,"column":4},"end":{"line":629,"column":28}},"178":{"start":{"line":640,"column":17},"end":{"line":643,"column":6}},"179":{"start":{"line":644,"column":4},"end":{"line":644,"column":103}},"180":{"start":{"line":651,"column":17},"end":{"line":656,"column":6}},"181":{"start":{"line":657,"column":4},"end":{"line":657,"column":22}},"182":{"start":{"line":664,"column":17},"end":{"line":664,"column":101}},"183":{"start":{"line":665,"column":4},"end":{"line":665,"column":28}},"184":{"start":{"line":672,"column":17},"end":{"line":672,"column":94}},"185":{"start":{"line":673,"column":4},"end":{"line":673,"column":32}},"186":{"start":{"line":680,"column":16},"end":{"line":680,"column":113}},"187":{"start":{"line":681,"column":4},"end":{"line":681,"column":43}},"188":{"start":{"line":681,"column":33},"end":{"line":681,"column":43}},"189":{"start":{"line":682,"column":4},"end":{"line":682,"column":67}},"190":{"start":{"line":682,"column":10},"end":{"line":682,"column":44}},"191":{"start":{"line":682,"column":55},"end":{"line":682,"column":65}},"192":{"start":{"line":689,"column":17},"end":{"line":689,"column":101}},"193":{"start":{"line":690,"column":4},"end":{"line":690,"column":111}},"194":{"start":{"line":694,"column":4},"end":{"line":696,"column":5}},"195":{"start":{"line":695,"column":6},"end":{"line":695,"column":22}},"196":{"start":{"line":700,"column":0},"end":{"line":700,"column":39}}},"fnMap":{"0":{"name":"(anonymous_0)","decl":{"start":{"line":11,"column":2},"end":{"line":11,"column":3}},"loc":{"start":{"line":11,"column":16},"end":{"line":13,"column":3}},"line":11},"1":{"name":"(anonymous_1)","decl":{"start":{"line":15,"column":2},"end":{"line":15,"column":3}},"loc":{"start":{"line":15,"column":15},"end":{"line":24,"column":3}},"line":15},"2":{"name":"(anonymous_2)","decl":{"start":{"line":26,"column":2},"end":{"line":26,"column":3}},"loc":{"start":{"line":26,"column":17},"end":{"line":113,"column":3}},"line":26},"3":{"name":"(anonymous_3)","decl":{"start":{"line":104,"column":37},"end":{"line":104,"column":38}},"loc":{"start":{"line":104,"column":44},"end":{"line":104,"column":63}},"line":104},"4":{"name":"(anonymous_4)","decl":{"start":{"line":109,"column":43},"end":{"line":109,"column":44}},"loc":{"start":{"line":109,"column":50},"end":{"line":109,"column":75}},"line":109},"5":{"name":"(anonymous_5)","decl":{"start":{"line":118,"column":2},"end":{"line":118,"column":3}},"loc":{"start":{"line":118,"column":106},"end":{"line":131,"column":3}},"line":118},"6":{"name":"(anonymous_6)","decl":{"start":{"line":136,"column":2},"end":{"line":136,"column":3}},"loc":{"start":{"line":136,"column":98},"end":{"line":151,"column":3}},"line":136},"7":{"name":"(anonymous_7)","decl":{"start":{"line":156,"column":2},"end":{"line":156,"column":3}},"loc":{"start":{"line":156,"column":24},"end":{"line":159,"column":3}},"line":156},"8":{"name":"(anonymous_8)","decl":{"start":{"line":165,"column":2},"end":{"line":165,"column":3}},"loc":{"start":{"line":165,"column":41},"end":{"line":175,"column":3}},"line":165},"9":{"name":"(anonymous_9)","decl":{"start":{"line":180,"column":2},"end":{"line":180,"column":3}},"loc":{"start":{"line":180,"column":17},"end":{"line":183,"column":3}},"line":180},"10":{"name":"(anonymous_10)","decl":{"start":{"line":188,"column":2},"end":{"line":188,"column":3}},"loc":{"start":{"line":188,"column":45},"end":{"line":191,"column":3}},"line":188},"11":{"name":"(anonymous_11)","decl":{"start":{"line":196,"column":2},"end":{"line":196,"column":3}},"loc":{"start":{"line":196,"column":23},"end":{"line":219,"column":3}},"line":196},"12":{"name":"(anonymous_12)","decl":{"start":{"line":224,"column":2},"end":{"line":224,"column":3}},"loc":{"start":{"line":224,"column":26},"end":{"line":229,"column":3}},"line":224},"13":{"name":"(anonymous_13)","decl":{"start":{"line":234,"column":2},"end":{"line":234,"column":3}},"loc":{"start":{"line":234,"column":32},"end":{"line":239,"column":3}},"line":234},"14":{"name":"(anonymous_14)","decl":{"start":{"line":244,"column":2},"end":{"line":244,"column":3}},"loc":{"start":{"line":244,"column":38},"end":{"line":249,"column":3}},"line":244},"15":{"name":"(anonymous_15)","decl":{"start":{"line":254,"column":2},"end":{"line":254,"column":3}},"loc":{"start":{"line":254,"column":41},"end":{"line":269,"column":3}},"line":254},"16":{"name":"(anonymous_16)","decl":{"start":{"line":274,"column":2},"end":{"line":274,"column":3}},"loc":{"start":{"line":274,"column":61},"end":{"line":279,"column":3}},"line":274},"17":{"name":"(anonymous_17)","decl":{"start":{"line":284,"column":2},"end":{"line":284,"column":3}},"loc":{"start":{"line":284,"column":67},"end":{"line":289,"column":3}},"line":284},"18":{"name":"(anonymous_18)","decl":{"start":{"line":294,"column":2},"end":{"line":294,"column":3}},"loc":{"start":{"line":294,"column":33},"end":{"line":300,"column":3}},"line":294},"19":{"name":"(anonymous_19)","decl":{"start":{"line":305,"column":2},"end":{"line":305,"column":3}},"loc":{"start":{"line":305,"column":31},"end":{"line":314,"column":3}},"line":305},"20":{"name":"(anonymous_20)","decl":{"start":{"line":319,"column":2},"end":{"line":319,"column":3}},"loc":{"start":{"line":319,"column":26},"end":{"line":324,"column":3}},"line":319},"21":{"name":"(anonymous_21)","decl":{"start":{"line":330,"column":2},"end":{"line":330,"column":3}},"loc":{"start":{"line":330,"column":28},"end":{"line":335,"column":3}},"line":330},"22":{"name":"(anonymous_22)","decl":{"start":{"line":340,"column":2},"end":{"line":340,"column":3}},"loc":{"start":{"line":340,"column":26},"end":{"line":348,"column":3}},"line":340},"23":{"name":"(anonymous_23)","decl":{"start":{"line":353,"column":2},"end":{"line":353,"column":3}},"loc":{"start":{"line":353,"column":45},"end":{"line":356,"column":3}},"line":353},"24":{"name":"(anonymous_24)","decl":{"start":{"line":361,"column":2},"end":{"line":361,"column":3}},"loc":{"start":{"line":361,"column":35},"end":{"line":365,"column":3}},"line":361},"25":{"name":"(anonymous_25)","decl":{"start":{"line":370,"column":2},"end":{"line":370,"column":3}},"loc":{"start":{"line":370,"column":37},"end":{"line":373,"column":3}},"line":370},"26":{"name":"(anonymous_26)","decl":{"start":{"line":378,"column":2},"end":{"line":378,"column":3}},"loc":{"start":{"line":378,"column":94},"end":{"line":381,"column":3}},"line":378},"27":{"name":"(anonymous_27)","decl":{"start":{"line":386,"column":2},"end":{"line":386,"column":3}},"loc":{"start":{"line":386,"column":38},"end":{"line":389,"column":3}},"line":386},"28":{"name":"(anonymous_28)","decl":{"start":{"line":394,"column":2},"end":{"line":394,"column":3}},"loc":{"start":{"line":394,"column":38},"end":{"line":412,"column":3}},"line":394},"29":{"name":"(anonymous_29)","decl":{"start":{"line":417,"column":2},"end":{"line":417,"column":3}},"loc":{"start":{"line":417,"column":31},"end":{"line":422,"column":3}},"line":417},"30":{"name":"(anonymous_30)","decl":{"start":{"line":427,"column":2},"end":{"line":427,"column":3}},"loc":{"start":{"line":427,"column":44},"end":{"line":437,"column":3}},"line":427},"31":{"name":"(anonymous_31)","decl":{"start":{"line":434,"column":29},"end":{"line":434,"column":30}},"loc":{"start":{"line":434,"column":34},"end":{"line":434,"column":47}},"line":434},"32":{"name":"(anonymous_32)","decl":{"start":{"line":442,"column":2},"end":{"line":442,"column":3}},"loc":{"start":{"line":442,"column":43},"end":{"line":456,"column":3}},"line":442},"33":{"name":"(anonymous_33)","decl":{"start":{"line":453,"column":29},"end":{"line":453,"column":30}},"loc":{"start":{"line":453,"column":34},"end":{"line":453,"column":47}},"line":453},"34":{"name":"(anonymous_34)","decl":{"start":{"line":461,"column":2},"end":{"line":461,"column":3}},"loc":{"start":{"line":461,"column":39},"end":{"line":470,"column":3}},"line":461},"35":{"name":"(anonymous_35)","decl":{"start":{"line":476,"column":2},"end":{"line":476,"column":3}},"loc":{"start":{"line":476,"column":35},"end":{"line":505,"column":3}},"line":476},"36":{"name":"(anonymous_36)","decl":{"start":{"line":515,"column":2},"end":{"line":515,"column":3}},"loc":{"start":{"line":515,"column":57},"end":{"line":526,"column":3}},"line":515},"37":{"name":"(anonymous_37)","decl":{"start":{"line":533,"column":2},"end":{"line":533,"column":3}},"loc":{"start":{"line":533,"column":46},"end":{"line":539,"column":3}},"line":533},"38":{"name":"(anonymous_38)","decl":{"start":{"line":546,"column":2},"end":{"line":546,"column":3}},"loc":{"start":{"line":546,"column":30},"end":{"line":551,"column":3}},"line":546},"39":{"name":"(anonymous_39)","decl":{"start":{"line":558,"column":2},"end":{"line":558,"column":3}},"loc":{"start":{"line":558,"column":24},"end":{"line":563,"column":3}},"line":558},"40":{"name":"(anonymous_40)","decl":{"start":{"line":571,"column":2},"end":{"line":571,"column":3}},"loc":{"start":{"line":571,"column":53},"end":{"line":579,"column":3}},"line":571},"41":{"name":"(anonymous_41)","decl":{"start":{"line":587,"column":2},"end":{"line":587,"column":3}},"loc":{"start":{"line":587,"column":36},"end":{"line":593,"column":3}},"line":587},"42":{"name":"(anonymous_42)","decl":{"start":{"line":601,"column":2},"end":{"line":601,"column":3}},"loc":{"start":{"line":601,"column":49},"end":{"line":606,"column":3}},"line":601},"43":{"name":"(anonymous_43)","decl":{"start":{"line":613,"column":2},"end":{"line":613,"column":3}},"loc":{"start":{"line":613,"column":26},"end":{"line":618,"column":3}},"line":613},"44":{"name":"(anonymous_44)","decl":{"start":{"line":625,"column":2},"end":{"line":625,"column":3}},"loc":{"start":{"line":625,"column":21},"end":{"line":630,"column":3}},"line":625},"45":{"name":"(anonymous_45)","decl":{"start":{"line":639,"column":2},"end":{"line":639,"column":3}},"loc":{"start":{"line":639,"column":92},"end":{"line":645,"column":3}},"line":639},"46":{"name":"(anonymous_46)","decl":{"start":{"line":650,"column":2},"end":{"line":650,"column":3}},"loc":{"start":{"line":650,"column":21},"end":{"line":658,"column":3}},"line":650},"47":{"name":"(anonymous_47)","decl":{"start":{"line":663,"column":2},"end":{"line":663,"column":3}},"loc":{"start":{"line":663,"column":31},"end":{"line":666,"column":3}},"line":663},"48":{"name":"(anonymous_48)","decl":{"start":{"line":671,"column":2},"end":{"line":671,"column":3}},"loc":{"start":{"line":671,"column":29},"end":{"line":674,"column":3}},"line":671},"49":{"name":"(anonymous_49)","decl":{"start":{"line":679,"column":2},"end":{"line":679,"column":3}},"loc":{"start":{"line":679,"column":35},"end":{"line":683,"column":3}},"line":679},"50":{"name":"(anonymous_50)","decl":{"start":{"line":688,"column":2},"end":{"line":688,"column":3}},"loc":{"start":{"line":688,"column":47},"end":{"line":691,"column":3}},"line":688},"51":{"name":"(anonymous_51)","decl":{"start":{"line":693,"column":2},"end":{"line":693,"column":3}},"loc":{"start":{"line":693,"column":10},"end":{"line":697,"column":3}},"line":693}},"branchMap":{"0":{"loc":{"start":{"line":17,"column":4},"end":{"line":19,"column":5}},"type":"if","locations":[{"start":{"line":17,"column":4},"end":{"line":19,"column":5}},{"start":{},"end":{}}],"line":17},"1":{"loc":{"start":{"line":105,"column":4},"end":{"line":107,"column":5}},"type":"if","locations":[{"start":{"line":105,"column":4},"end":{"line":107,"column":5}},{"start":{},"end":{}}],"line":105},"2":{"loc":{"start":{"line":110,"column":4},"end":{"line":112,"column":5}},"type":"if","locations":[{"start":{"line":110,"column":4},"end":{"line":112,"column":5}},{"start":{},"end":{}}],"line":110},"3":{"loc":{"start":{"line":118,"column":34},"end":{"line":118,"column":54}},"type":"default-arg","locations":[{"start":{"line":118,"column":45},"end":{"line":118,"column":54}}],"line":118},"4":{"loc":{"start":{"line":118,"column":56},"end":{"line":118,"column":74}},"type":"default-arg","locations":[{"start":{"line":118,"column":70},"end":{"line":118,"column":74}}],"line":118},"5":{"loc":{"start":{"line":118,"column":76},"end":{"line":118,"column":91}},"type":"default-arg","locations":[{"start":{"line":118,"column":87},"end":{"line":118,"column":91}}],"line":118},"6":{"loc":{"start":{"line":118,"column":93},"end":{"line":118,"column":104}},"type":"default-arg","locations":[{"start":{"line":118,"column":100},"end":{"line":118,"column":104}}],"line":118},"7":{"loc":{"start":{"line":136,"column":39},"end":{"line":136,"column":59}},"type":"default-arg","locations":[{"start":{"line":136,"column":50},"end":{"line":136,"column":59}}],"line":136},"8":{"loc":{"start":{"line":136,"column":61},"end":{"line":136,"column":79}},"type":"default-arg","locations":[{"start":{"line":136,"column":75},"end":{"line":136,"column":79}}],"line":136},"9":{"loc":{"start":{"line":136,"column":81},"end":{"line":136,"column":96}},"type":"default-arg","locations":[{"start":{"line":136,"column":92},"end":{"line":136,"column":96}}],"line":136},"10":{"loc":{"start":{"line":141,"column":4},"end":{"line":143,"column":5}},"type":"if","locations":[{"start":{"line":141,"column":4},"end":{"line":143,"column":5}},{"start":{},"end":{}}],"line":141},"11":{"loc":{"start":{"line":170,"column":4},"end":{"line":172,"column":5}},"type":"if","locations":[{"start":{"line":170,"column":4},"end":{"line":172,"column":5}},{"start":{},"end":{}}],"line":170},"12":{"loc":{"start":{"line":190,"column":20},"end":{"line":190,"column":72}},"type":"cond-expr","locations":[{"start":{"line":190,"column":31},"end":{"line":190,"column":65}},{"start":{"line":190,"column":68},"end":{"line":190,"column":72}}],"line":190},"13":{"loc":{"start":{"line":213,"column":6},"end":{"line":213,"column":35}},"type":"binary-expr","locations":[{"start":{"line":213,"column":6},"end":{"line":213,"column":27}},{"start":{"line":213,"column":31},"end":{"line":213,"column":35}}],"line":213},"14":{"loc":{"start":{"line":214,"column":6},"end":{"line":214,"column":34}},"type":"binary-expr","locations":[{"start":{"line":214,"column":6},"end":{"line":214,"column":26}},{"start":{"line":214,"column":30},"end":{"line":214,"column":34}}],"line":214},"15":{"loc":{"start":{"line":215,"column":6},"end":{"line":215,"column":24}},"type":"binary-expr","locations":[{"start":{"line":215,"column":6},"end":{"line":215,"column":19}},{"start":{"line":215,"column":23},"end":{"line":215,"column":24}}],"line":215},"16":{"loc":{"start":{"line":216,"column":6},"end":{"line":216,"column":27}},"type":"binary-expr","locations":[{"start":{"line":216,"column":6},"end":{"line":216,"column":19}},{"start":{"line":216,"column":23},"end":{"line":216,"column":27}}],"line":216},"17":{"loc":{"start":{"line":217,"column":6},"end":{"line":217,"column":27}},"type":"binary-expr","locations":[{"start":{"line":217,"column":6},"end":{"line":217,"column":19}},{"start":{"line":217,"column":23},"end":{"line":217,"column":27}}],"line":217},"18":{"loc":{"start":{"line":258,"column":4},"end":{"line":264,"column":5}},"type":"if","locations":[{"start":{"line":258,"column":4},"end":{"line":264,"column":5}},{"start":{"line":261,"column":11},"end":{"line":264,"column":5}}],"line":258},"19":{"loc":{"start":{"line":261,"column":11},"end":{"line":264,"column":5}},"type":"if","locations":[{"start":{"line":261,"column":11},"end":{"line":264,"column":5}},{"start":{},"end":{}}],"line":261},"20":{"loc":{"start":{"line":299,"column":11},"end":{"line":299,"column":47}},"type":"cond-expr","locations":[{"start":{"line":299,"column":20},"end":{"line":299,"column":40}},{"start":{"line":299,"column":43},"end":{"line":299,"column":47}}],"line":299},"21":{"loc":{"start":{"line":364,"column":11},"end":{"line":364,"column":42}},"type":"cond-expr","locations":[{"start":{"line":364,"column":20},"end":{"line":364,"column":35}},{"start":{"line":364,"column":38},"end":{"line":364,"column":42}}],"line":364},"22":{"loc":{"start":{"line":378,"column":35},"end":{"line":378,"column":92}},"type":"default-arg","locations":[{"start":{"line":378,"column":90},"end":{"line":378,"column":92}}],"line":378},"23":{"loc":{"start":{"line":378,"column":37},"end":{"line":378,"column":55}},"type":"default-arg","locations":[{"start":{"line":378,"column":51},"end":{"line":378,"column":55}}],"line":378},"24":{"loc":{"start":{"line":378,"column":57},"end":{"line":378,"column":72}},"type":"default-arg","locations":[{"start":{"line":378,"column":68},"end":{"line":378,"column":72}}],"line":378},"25":{"loc":{"start":{"line":378,"column":74},"end":{"line":378,"column":85}},"type":"default-arg","locations":[{"start":{"line":378,"column":81},"end":{"line":378,"column":85}}],"line":378},"26":{"loc":{"start":{"line":396,"column":4},"end":{"line":396,"column":24}},"type":"if","locations":[{"start":{"line":396,"column":4},"end":{"line":396,"column":24}},{"start":{},"end":{}}],"line":396},"27":{"loc":{"start":{"line":400,"column":4},"end":{"line":403,"column":5}},"type":"if","locations":[{"start":{"line":400,"column":4},"end":{"line":403,"column":5}},{"start":{},"end":{}}],"line":400},"28":{"loc":{"start":{"line":400,"column":8},"end":{"line":400,"column":23}},"type":"binary-expr","locations":[{"start":{"line":400,"column":8},"end":{"line":400,"column":11}},{"start":{"line":400,"column":15},"end":{"line":400,"column":23}}],"line":400},"29":{"loc":{"start":{"line":402,"column":6},"end":{"line":402,"column":48}},"type":"if","locations":[{"start":{"line":402,"column":6},"end":{"line":402,"column":48}},{"start":{},"end":{}}],"line":402},"30":{"loc":{"start":{"line":404,"column":4},"end":{"line":404,"column":58}},"type":"if","locations":[{"start":{"line":404,"column":4},"end":{"line":404,"column":58}},{"start":{},"end":{}}],"line":404},"31":{"loc":{"start":{"line":406,"column":4},"end":{"line":411,"column":5}},"type":"if","locations":[{"start":{"line":406,"column":4},"end":{"line":411,"column":5}},{"start":{"line":408,"column":11},"end":{"line":411,"column":5}}],"line":406},"32":{"loc":{"start":{"line":419,"column":4},"end":{"line":419,"column":29}},"type":"if","locations":[{"start":{"line":419,"column":4},"end":{"line":419,"column":29}},{"start":{},"end":{}}],"line":419},"33":{"loc":{"start":{"line":421,"column":11},"end":{"line":421,"column":46}},"type":"cond-expr","locations":[{"start":{"line":421,"column":31},"end":{"line":421,"column":39}},{"start":{"line":421,"column":42},"end":{"line":421,"column":46}}],"line":421},"34":{"loc":{"start":{"line":421,"column":12},"end":{"line":421,"column":27}},"type":"binary-expr","locations":[{"start":{"line":421,"column":12},"end":{"line":421,"column":15}},{"start":{"line":421,"column":19},"end":{"line":421,"column":27}}],"line":421},"35":{"loc":{"start":{"line":430,"column":4},"end":{"line":433,"column":5}},"type":"if","locations":[{"start":{"line":430,"column":4},"end":{"line":433,"column":5}},{"start":{},"end":{}}],"line":430},"36":{"loc":{"start":{"line":430,"column":8},"end":{"line":430,"column":23}},"type":"binary-expr","locations":[{"start":{"line":430,"column":8},"end":{"line":430,"column":11}},{"start":{"line":430,"column":15},"end":{"line":430,"column":23}}],"line":430},"37":{"loc":{"start":{"line":432,"column":6},"end":{"line":432,"column":48}},"type":"if","locations":[{"start":{"line":432,"column":6},"end":{"line":432,"column":48}},{"start":{},"end":{}}],"line":432},"38":{"loc":{"start":{"line":435,"column":20},"end":{"line":435,"column":71}},"type":"cond-expr","locations":[{"start":{"line":435,"column":41},"end":{"line":435,"column":64}},{"start":{"line":435,"column":67},"end":{"line":435,"column":71}}],"line":435},"39":{"loc":{"start":{"line":444,"column":4},"end":{"line":444,"column":24}},"type":"if","locations":[{"start":{"line":444,"column":4},"end":{"line":444,"column":24}},{"start":{},"end":{}}],"line":444},"40":{"loc":{"start":{"line":447,"column":4},"end":{"line":447,"column":21}},"type":"if","locations":[{"start":{"line":447,"column":4},"end":{"line":447,"column":21}},{"start":{},"end":{}}],"line":447},"41":{"loc":{"start":{"line":449,"column":4},"end":{"line":452,"column":5}},"type":"if","locations":[{"start":{"line":449,"column":4},"end":{"line":452,"column":5}},{"start":{},"end":{}}],"line":449},"42":{"loc":{"start":{"line":451,"column":6},"end":{"line":451,"column":48}},"type":"if","locations":[{"start":{"line":451,"column":6},"end":{"line":451,"column":48}},{"start":{},"end":{}}],"line":451},"43":{"loc":{"start":{"line":454,"column":20},"end":{"line":454,"column":71}},"type":"cond-expr","locations":[{"start":{"line":454,"column":41},"end":{"line":454,"column":64}},{"start":{"line":454,"column":67},"end":{"line":454,"column":71}}],"line":454},"44":{"loc":{"start":{"line":464,"column":4},"end":{"line":467,"column":5}},"type":"if","locations":[{"start":{"line":464,"column":4},"end":{"line":467,"column":5}},{"start":{},"end":{}}],"line":464},"45":{"loc":{"start":{"line":464,"column":8},"end":{"line":464,"column":23}},"type":"binary-expr","locations":[{"start":{"line":464,"column":8},"end":{"line":464,"column":11}},{"start":{"line":464,"column":15},"end":{"line":464,"column":23}}],"line":464},"46":{"loc":{"start":{"line":466,"column":6},"end":{"line":466,"column":48}},"type":"if","locations":[{"start":{"line":466,"column":6},"end":{"line":466,"column":48}},{"start":{},"end":{}}],"line":466},"47":{"loc":{"start":{"line":468,"column":4},"end":{"line":468,"column":58}},"type":"if","locations":[{"start":{"line":468,"column":4},"end":{"line":468,"column":58}},{"start":{},"end":{}}],"line":468},"48":{"loc":{"start":{"line":482,"column":6},"end":{"line":486,"column":7}},"type":"if","locations":[{"start":{"line":482,"column":6},"end":{"line":486,"column":7}},{"start":{"line":484,"column":13},"end":{"line":486,"column":7}}],"line":482},"49":{"loc":{"start":{"line":494,"column":6},"end":{"line":496,"column":7}},"type":"if","locations":[{"start":{"line":494,"column":6},"end":{"line":496,"column":7}},{"start":{},"end":{}}],"line":494},"50":{"loc":{"start":{"line":500,"column":4},"end":{"line":502,"column":5}},"type":"if","locations":[{"start":{"line":500,"column":4},"end":{"line":502,"column":5}},{"start":{},"end":{}}],"line":500},"51":{"loc":{"start":{"line":518,"column":28},"end":{"line":518,"column":107}},"type":"cond-expr","locations":[{"start":{"line":518,"column":62},"end":{"line":518,"column":73}},{"start":{"line":518,"column":76},"end":{"line":518,"column":107}}],"line":518},"52":{"loc":{"start":{"line":681,"column":4},"end":{"line":681,"column":43}},"type":"if","locations":[{"start":{"line":681,"column":4},"end":{"line":681,"column":43}},{"start":{},"end":{}}],"line":681},"53":{"loc":{"start":{"line":681,"column":8},"end":{"line":681,"column":31}},"type":"binary-expr","locations":[{"start":{"line":681,"column":8},"end":{"line":681,"column":12}},{"start":{"line":681,"column":16},"end":{"line":681,"column":31}}],"line":681},"54":{"loc":{"start":{"line":689,"column":17},"end":{"line":689,"column":101}},"type":"cond-expr","locations":[{"start":{"line":689,"column":68},"end":{"line":689,"column":94}},{"start":{"line":689,"column":97},"end":{"line":689,"column":101}}],"line":689},"55":{"loc":{"start":{"line":689,"column":17},"end":{"line":689,"column":65}},"type":"binary-expr","locations":[{"start":{"line":689,"column":17},"end":{"line":689,"column":27}},{"start":{"line":689,"column":31},"end":{"line":689,"column":65}}],"line":689},"56":{"loc":{"start":{"line":694,"column":4},"end":{"line":696,"column":5}},"type":"if","locations":[{"start":{"line":694,"column":4},"end":{"line":696,"column":5}},{"start":{},"end":{}}],"line":694}},"s":{"0":1,"1":1,"2":1,"3":1,"4":1,"5":1,"6":1,"7":1,"8":0,"9":0,"10":0,"11":0,"12":0,"13":0,"14":0,"15":0,"16":0,"17":0,"18":0,"19":0,"20":0,"21":0,"22":0,"23":0,"24":0,"25":0,"26":0,"27":0,"28":0,"29":0,"30":0,"31":0,"32":0,"33":0,"34":0,"35":0,"36":0,"37":0,"38":0,"39":0,"40":0,"41":0,"42":0,"43":0,"44":0,"45":0,"46":0,"47":0,"48":0,"49":0,"50":0,"51":0,"52":0,"53":0,"54":0,"55":0,"56":0,"57":0,"58":0,"59":0,"60":0,"61":0,"62":0,"63":0,"64":0,"65":0,"66":0,"67":0,"68":0,"69":0,"70":0,"71":0,"72":0,"73":0,"74":0,"75":0,"76":0,"77":0,"78":0,"79":0,"80":0,"81":0,"82":0,"83":0,"84":0,"85":0,"86":0,"87":0,"88":0,"89":0,"90":0,"91":0,"92":0,"93":0,"94":0,"95":0,"96":0,"97":0,"98":0,"99":0,"100":0,"101":0,"102":0,"103":0,"104":0,"105":0,"106":0,"107":0,"108":0,"109":0,"110":0,"111":0,"112":0,"113":0,"114":0,"115":0,"116":0,"117":0,"118":0,"119":0,"120":0,"121":0,"122":0,"123":0,"124":0,"125":0,"126":0,"127":0,"128":0,"129":0,"130":0,"131":0,"132":0,"133":0,"134":0,"135":0,"136":0,"137":0,"138":0,"139":0,"140":0,"141":0,"142":0,"143":0,"144":0,"145":0,"146":0,"147":0,"148":0,"149":0,"150":0,"151":0,"152":0,"153":0,"154":0,"155":0,"156":0,"157":0,"158":0,"159":0,"160":0,"161":0,"162":0,"163":0,"164":0,"165":0,"166":0,"167":0,"168":0,"169":0,"170":0,"171":0,"172":0,"173":0,"174":0,"175":0,"176":0,"177":0,"178":0,"179":0,"180":0,"181":0,"182":0,"183":0,"184":0,"185":0,"186":0,"187":0,"188":0,"189":0,"190":0,"191":0,"192":0,"193":0,"194":0,"195":0,"196":1},"f":{"0":1,"1":0,"2":0,"3":0,"4":0,"5":0,"6":0,"7":0,"8":0,"9":0,"10":0,"11":0,"12":0,"13":0,"14":0,"15":0,"16":0,"17":0,"18":0,"19":0,"20":0,"21":0,"22":0,"23":0,"24":0,"25":0,"26":0,"27":0,"28":0,"29":0,"30":0,"31":0,"32":0,"33":0,"34":0,"35":0,"36":0,"37":0,"38":0,"39":0,"40":0,"41":0,"42":0,"43":0,"44":0,"45":0,"46":0,"47":0,"48":0,"49":0,"50":0,"51":0},"b":{"0":[0,0],"1":[0,0],"2":[0,0],"3":[0],"4":[0],"5":[0],"6":[0],"7":[0],"8":[0],"9":[0],"10":[0,0],"11":[0,0],"12":[0,0],"13":[0,0],"14":[0,0],"15":[0,0],"16":[0,0],"17":[0,0],"18":[0,0],"19":[0,0],"20":[0,0],"21":[0,0],"22":[0],"23":[0],"24":[0],"25":[0],"26":[0,0],"27":[0,0],"28":[0,0],"29":[0,0],"30":[0,0],"31":[0,0],"32":[0,0],"33":[0,0],"34":[0,0],"35":[0,0],"36":[0,0],"37":[0,0],"38":[0,0],"39":[0,0],"40":[0,0],"41":[0,0],"42":[0,0],"43":[0,0],"44":[0,0],"45":[0,0],"46":[0,0],"47":[0,0],"48":[0,0],"49":[0,0],"50":[0,0],"51":[0,0],"52":[0,0],"53":[0,0],"54":[0,0],"55":[0,0],"56":[0,0]},"_coverageSchema":"1a1c01bbd47fc00a2c39e90264f33305004495a9","hash":"08e959c2dc432823b702be23836118025eb24a1d"}
,"E:\\workspace\\AtlasExplorer\\src\\filesystem.js": {"path":"E:\\workspace\\AtlasExplorer\\src\\filesystem.js","statementMap":{"0":{"start":{"line":1,"column":11},"end":{"line":1,"column":24}},"1":{"start":{"line":2,"column":13},"end":{"line":2,"column":28}},"2":{"start":{"line":3,"column":15},"end":{"line":3,"column":34}},"3":{"start":{"line":10,"column":13},"end":{"line":10,"column":18}},"4":{"start":{"line":11,"column":14},"end":{"line":11,"column":19}},"5":{"start":{"line":12,"column":2},"end":{"line":12,"column":75}},"6":{"start":{"line":12,"column":8},"end":{"line":12,"column":51}},"7":{"start":{"line":12,"column":52},"end":{"line":12,"column":64}},"8":{"start":{"line":13,"column":2},"end":{"line":13,"column":76}},"9":{"start":{"line":13,"column":8},"end":{"line":13,"column":51}},"10":{"start":{"line":13,"column":52},"end":{"line":13,"column":65}},"11":{"start":{"line":14,"column":2},"end":{"line":14,"column":25}},"12":{"start":{"line":19,"column":4},"end":{"line":19,"column":25}},"13":{"start":{"line":20,"column":4},"end":{"line":20,"column":30}},"14":{"start":{"line":21,"column":4},"end":{"line":21,"column":27}},"15":{"start":{"line":22,"column":4},"end":{"line":22,"column":35}},"16":{"start":{"line":30,"column":4},"end":{"line":33,"column":5}},"17":{"start":{"line":31,"column":6},"end":{"line":31,"column":84}},"18":{"start":{"line":32,"column":6},"end":{"line":32,"column":16}},"19":{"start":{"line":35,"column":27},"end":{"line":35,"column":41}},"20":{"start":{"line":36,"column":4},"end":{"line":39,"column":5}},"21":{"start":{"line":37,"column":6},"end":{"line":37,"column":57}},"22":{"start":{"line":38,"column":6},"end":{"line":38,"column":16}},"23":{"start":{"line":41,"column":20},"end":{"line":41,"column":50}},"24":{"start":{"line":42,"column":18},"end":{"line":42,"column":20}},"25":{"start":{"line":43,"column":20},"end":{"line":43,"column":22}},"26":{"start":{"line":45,"column":4},"end":{"line":88,"column":5}},"27":{"start":{"line":46,"column":6},"end":{"line":46,"column":52}},"28":{"start":{"line":46,"column":43},"end":{"line":46,"column":52}},"29":{"start":{"line":47,"column":6},"end":{"line":87,"column":7}},"30":{"start":{"line":48,"column":25},"end":{"line":48,"column":57}},"31":{"start":{"line":49,"column":22},"end":{"line":49,"column":43}},"32":{"start":{"line":50,"column":22},"end":{"line":50,"column":42}},"33":{"start":{"line":51,"column":22},"end":{"line":51,"column":43}},"34":{"start":{"line":53,"column":25},"end":{"line":64,"column":9}},"35":{"start":{"line":66,"column":8},"end":{"line":70,"column":9}},"36":{"start":{"line":67,"column":10},"end":{"line":67,"column":33}},"37":{"start":{"line":69,"column":10},"end":{"line":69,"column":31}},"38":{"start":{"line":72,"column":8},"end":{"line":72,"column":60}},"39":{"start":{"line":74,"column":8},"end":{"line":86,"column":11}},"40":{"start":{"line":91,"column":4},"end":{"line":91,"column":34}},"41":{"start":{"line":98,"column":4},"end":{"line":114,"column":5}},"42":{"start":{"line":99,"column":20},"end":{"line":99,"column":41}},"43":{"start":{"line":100,"column":6},"end":{"line":110,"column":8}},"44":{"start":{"line":112,"column":6},"end":{"line":112,"column":71}},"45":{"start":{"line":113,"column":6},"end":{"line":113,"column":18}},"46":{"start":{"line":122,"column":4},"end":{"line":151,"column":5}},"47":{"start":{"line":123,"column":25},"end":{"line":123,"column":46}},"48":{"start":{"line":126,"column":6},"end":{"line":129,"column":7}},"49":{"start":{"line":128,"column":8},"end":{"line":128,"column":20}},"50":{"start":{"line":131,"column":20},"end":{"line":131,"column":43}},"51":{"start":{"line":132,"column":20},"end":{"line":132,"column":43}},"52":{"start":{"line":134,"column":21},"end":{"line":145,"column":7}},"53":{"start":{"line":147,"column":6},"end":{"line":147,"column":20}},"54":{"start":{"line":149,"column":6},"end":{"line":149,"column":90}},"55":{"start":{"line":150,"column":6},"end":{"line":150,"column":18}},"56":{"start":{"line":158,"column":4},"end":{"line":163,"column":5}},"57":{"start":{"line":159,"column":20},"end":{"line":159,"column":41}},"58":{"start":{"line":160,"column":6},"end":{"line":160,"column":33}},"59":{"start":{"line":162,"column":6},"end":{"line":162,"column":19}},"60":{"start":{"line":170,"column":4},"end":{"line":170,"column":34}},"61":{"start":{"line":178,"column":4},"end":{"line":206,"column":7}},"62":{"start":{"line":179,"column":22},"end":{"line":182,"column":34}},"63":{"start":{"line":180,"column":8},"end":{"line":180,"column":84}},"64":{"start":{"line":181,"column":8},"end":{"line":181,"column":22}},"65":{"start":{"line":184,"column":6},"end":{"line":205,"column":7}},"66":{"start":{"line":185,"column":25},"end":{"line":185,"column":37}},"67":{"start":{"line":186,"column":8},"end":{"line":200,"column":9}},"68":{"start":{"line":188,"column":10},"end":{"line":188,"column":32}},"69":{"start":{"line":189,"column":10},"end":{"line":189,"column":47}},"70":{"start":{"line":190,"column":10},"end":{"line":195,"column":13}},"71":{"start":{"line":197,"column":10},"end":{"line":197,"column":55}},"72":{"start":{"line":198,"column":10},"end":{"line":198,"column":32}},"73":{"start":{"line":199,"column":10},"end":{"line":199,"column":24}},"74":{"start":{"line":202,"column":8},"end":{"line":202,"column":30}},"75":{"start":{"line":203,"column":8},"end":{"line":203,"column":67}},"76":{"start":{"line":204,"column":8},"end":{"line":204,"column":22}},"77":{"start":{"line":214,"column":4},"end":{"line":214,"column":62}},"78":{"start":{"line":215,"column":19},"end":{"line":215,"column":21}},"79":{"start":{"line":218,"column":26},"end":{"line":218,"column":28}},"80":{"start":{"line":219,"column":4},"end":{"line":222,"column":5}},"81":{"start":{"line":219,"column":17},"end":{"line":219,"column":19}},"82":{"start":{"line":220,"column":20},"end":{"line":220,"column":48}},"83":{"start":{"line":221,"column":6},"end":{"line":221,"column":60}},"84":{"start":{"line":224,"column":20},"end":{"line":224,"column":52}},"85":{"start":{"line":225,"column":4},"end":{"line":229,"column":5}},"86":{"start":{"line":226,"column":6},"end":{"line":228,"column":7}},"87":{"start":{"line":227,"column":8},"end":{"line":227,"column":28}},"88":{"start":{"line":231,"column":4},"end":{"line":231,"column":60}},"89":{"start":{"line":232,"column":4},"end":{"line":232,"column":18}},"90":{"start":{"line":240,"column":4},"end":{"line":240,"column":45}},"91":{"start":{"line":241,"column":4},"end":{"line":248,"column":5}},"92":{"start":{"line":242,"column":21},"end":{"line":242,"column":54}},"93":{"start":{"line":243,"column":6},"end":{"line":243,"column":31}},"94":{"start":{"line":244,"column":6},"end":{"line":244,"column":58}},"95":{"start":{"line":245,"column":6},"end":{"line":245,"column":70}},"96":{"start":{"line":247,"column":6},"end":{"line":247,"column":65}},"97":{"start":{"line":256,"column":4},"end":{"line":256,"column":76}},"98":{"start":{"line":265,"column":4},"end":{"line":268,"column":5}},"99":{"start":{"line":266,"column":6},"end":{"line":266,"column":80}},"10
[...]
,"38":{"start":{"line":157,"column":4},"end":{"line":157,"column":51}},"39":{"start":{"line":171,"column":4},"end":{"line":171,"column":53}},"40":{"start":{"line":176,"column":0},"end":{"line":176,"column":30}}},"fnMap":{"0":{"name":"(anonymous_0)","decl":{"start":{"line":24,"column":2},"end":{"line":24,"column":3}},"loc":{"start":{"line":24,"column":16},"end":{"line":26,"column":3}},"line":24},"1":{"name":"(anonymous_1)","decl":{"start":{"line":32,"column":2},"end":{"line":32,"column":3}},"loc":{"start":{"line":32,"column":23},"end":{"line":36,"column":3}},"line":32},"2":{"name":"(anonymous_2)","decl":{"start":{"line":42,"column":2},"end":{"line":42,"column":3}},"loc":{"start":{"line":42,"column":19},"end":{"line":49,"column":3}},"line":42},"3":{"name":"(anonymous_3)","decl":{"start":{"line":54,"column":2},"end":{"line":54,"column":3}},"loc":{"start":{"line":54,"column":17},"end":{"line":60,"column":3}},"line":54},"4":{"name":"(anonymous_4)","decl":{"start":{"line":70,"column":2},"end":{"line":70,"column":3}},"loc":{"start":{"line":70,"column":42},"end":{"line":109,"column":3}},"line":70},"5":{"name":"(anonymous_5)","decl":{"start":{"line":79,"column":33},"end":{"line":79,"column":34}},"loc":{"start":{"line":79,"column":40},"end":{"line":89,"column":9}},"line":79},"6":{"name":"(anonymous_6)","decl":{"start":{"line":120,"column":2},"end":{"line":120,"column":3}},"loc":{"start":{"line":120,"column":25},"end":{"line":122,"column":3}},"line":120},"7":{"name":"(anonymous_7)","decl":{"start":{"line":138,"column":2},"end":{"line":138,"column":3}},"loc":{"start":{"line":138,"column":25},"end":{"line":140,"column":3}},"line":138},"8":{"name":"(anonymous_8)","decl":{"start":{"line":156,"column":2},"end":{"line":156,"column":3}},"loc":{"start":{"line":156,"column":26},"end":{"line":158,"column":3}},"line":156},"9":{"name":"(anonymous_9)","decl":{"start":{"line":170,"column":2},"end":{"line":170,"column":3}},"loc":{"start":{"line":170,"column":39},"end":{"line":172,"column":3}},"line":170}},"branchMap":{"0":{"loc":{"start":{"line":33,"column":4},"end":{"line":35,"column":5}},"type":"if","locations":[{"start":{"line":33,"column":4},"end":{"line":35,"column":5}},{"start":{},"end":{}}],"line":33},"1":{"loc":{"start":{"line":78,"column":6},"end":{"line":91,"column":7}},"type":"if","locations":[{"start":{"line":78,"column":6},"end":{"line":91,"column":7}},{"start":{},"end":{}}],"line":78},"2":{"loc":{"start":{"line":78,"column":10},"end":{"line":78,"column":33}},"type":"binary-expr","locations":[{"start":{"line":78,"column":10},"end":{"line":78,"column":14}},{"start":{"line":78,"column":18},"end":{"line":78,"column":33}}],"line":78},"3":{"loc":{"start":{"line":81,"column":10},"end":{"line":87,"column":11}},"type":"if","locations":[{"start":{"line":81,"column":10},"end":{"line":87,"column":11}},{"start":{},"end":{}}],"line":81},"4":{"loc":{"start":{"line":97,"column":6},"end":{"line":100,"column":7}},"type":"if","locations":[{"start":{"line":97,"column":6},"end":{"line":100,"column":7}},{"start":{},"end":{}}],"line":97},"5":{"loc":{"start":{"line":98,"column":30},"end":{"line":98,"column":95}},"type":"cond-expr","locations":[{"start":{"line":98,"column":50},"end":{"line":98,"column":57}},{"start":{"line":98,"column":61},"end":{"line":98,"column":94}}],"line":98},"6":{"loc":{"start":{"line":98,"column":61},"end":{"line":98,"column":94}},"type":"cond-expr","locations":[{"start":{"line":98,"column":80},"end":{"line":98,"column":86}},{"start":{"line":98,"column":89},"end":{"line":98,"column":94}}],"line":98}},"s":{"0":3,"1":3,"2":3,"3":3,"4":3,"5":3,"6":3,"7":2,"8":2,"9":2,"10":2,"11":2,"12":2,"13":2,"14":2,"15":2,"16":2,"17":2,"18":2,"19":2,"20":2,"21":2,"22":2,"23":2,"24":0,"25":0,"26":0,"27":2,"28":2,"29":2,"30":2,"31":0,"32":0,"33":2,"34":2,"35":0,"36":0,"37":2,"38":0,"39":0,"40":3},"f":{"0":3,"1":3,"2":2,"3":2,"4":2,"5":2,"6":0,"7":2,"8":0,"9":0},"b":{"0":[3,0],"1":[2,0],"2":[2,2],"3":[0,2],"4":[0,2],"5":[0,0],"6":[0,0]},"_coverageSchema":"1a1c01bbd47fc00a2c39e90264f33305004495a9","hash":"1fa20670f416a98663fea5dd1aca33788f1745cd"}
,"E:\\workspace\\AtlasExplorer\\src\\notesParser.js": {"path":"E:\\workspace\\AtlasExplorer\\src\\notesParser.js","statementMap":{"0":{"start":{"line":19,"column":2},"end":{"line":19,"column":32}},"1":{"start":{"line":28,"column":16},"end":{"line":28,"column":39}},"2":{"start":{"line":29,"column":2},"end":{"line":29,"column":33}},"3":{"start":{"line":41,"column":19},"end":{"line":41,"column":21}},"4":{"start":{"line":42,"column":19},"end":{"line":42,"column":28}},"5":{"start":{"line":43,"column":2},"end":{"line":43,"column":28}},"6":{"start":{"line":45,"column":16},"end":{"line":45,"column":38}},"7":{"start":{"line":46,"column":2},"end":{"line":56,"column":3}},"8":{"start":{"line":47,"column":4},"end":{"line":55,"column":5}},"9":{"start":{"line":48,"column":23},"end":{"line":48,"column":50}},"10":{"start":{"line":49,"column":6},"end":{"line":49,"column":28}},"11":{"start":{"line":50,"column":6},"end":{"line":52,"column":7}},"12":{"start":{"line":51,"column":8},"end":{"line":51,"column":34}},"13":{"start":{"line":54,"column":6},"end":{"line":54,"column":72}},"14":{"start":{"line":59,"column":2},"end":{"line":63,"column":3}},"15":{"start":{"line":60,"column":4},"end":{"line":62,"column":5}},"16":{"start":{"line":61,"column":6},"end":{"line":61,"column":49}},"17":{"start":{"line":65,"column":2},"end":{"line":65,"column":18}},"18":{"start":{"line":78,"column":19},"end":{"line":78,"column":58}},"19":{"start":{"line":81,"column":19},"end":{"line":81,"column":69}},"20":{"start":{"line":81,"column":53},"end":{"line":81,"column":68}},"21":{"start":{"line":84,"column":2},"end":{"line":84,"column":36}},"22":{"start":{"line":86,"column":2},"end":{"line":88,"column":3}},"23":{"start":{"line":87,"column":4},"end":{"line":87,"column":30}},"24":{"start":{"line":91,"column":15},"end":{"line":91,"column":40}},"25":{"start":{"line":93,"column":2},"end":{"line":103,"column":3}},"26":{"start":{"line":94,"column":16},"end":{"line":94,"column":35}},"27":{"start":{"line":96,"column":4},"end":{"line":102,"column":5}},"28":{"start":{"line":97,"column":6},"end":{"line":100,"column":7}},"29":{"start":{"line":98,"column":8},"end":{"line":98,"column":51}},"30":{"start":{"line":98,"column":36},"end":{"line":98,"column":51}},"31":{"start":{"line":99,"column":8},"end":{"line":99,"column":23}},"32":{"start":{"line":101,"column":6},"end":{"line":101,"column":36}},"33":{"start":{"line":105,"column":2},"end":{"line":105,"column":16}},"34":{"start":{"line":116,"column":19},"end":{"line":116,"column":50}},"35":{"start":{"line":117,"column":2},"end":{"line":117,"column":60}},"36":{"start":{"line":117,"column":43},"end":{"line":117,"column":58}},"37":{"start":{"line":128,"column":19},"end":{"line":128,"column":50}},"38":{"start":{"line":129,"column":2},"end":{"line":129,"column":35}},"39":{"start":{"line":140,"column":19},"end":{"line":140,"column":50}},"40":{"start":{"line":141,"column":2},"end":{"line":141,"column":34}},"41":{"start":{"line":152,"column":19},"end":{"line":152,"column":50}},"42":{"start":{"line":153,"column":2},"end":{"line":158,"column":6}},"43":{"start":{"line":153,"column":43},"end":{"line":158,"column":3}},"44":{"start":{"line":162,"column":23},"end":{"line":171,"column":1}},"45":{"start":{"line":173,"column":0},"end":{"line":179,"column":1}},"46":{"start":{"line":175,"column":2},"end":{"line":175,"column":34}},"47":{"start":{"line":178,"column":2},"end":{"line":178,"column":38}}},"fnMap":{"0":{"name":"isValidFileHeader","decl":{"start":{"line":18,"column":9},"end":{"line":18,"column":26}},"loc":{"start":{"line":18,"column":33},"end":{"line":20,"column":1}},"line":18},"1":{"name":"extractHeaderFilename","decl":{"start":{"line":27,"column":9},"end":{"line":27,"column":30}},"loc":{"start":{"line":27,"column":37},"end":{"line":30,"column":1}},"line":27},"2":{"name":"parseNotesFileSections","decl":{"start":{"line":40,"column":9},"end":{"line":40,"column":31}},"loc":{"start":{"line":40,"column":41},"end":{"line":66,"column":1}},"line":40},"3":{"name":"writeNotesSection","decl":{"start":{"line":77,"column":9},"end":{"line":77,"column":26}},"loc":{"start":{"line":77,"column":68},"end":{"line":106,"column":1}},"line":77},"4":{"name":"(anonymous_4)","decl":{"start":{"line":81,"column":48},"end":{"line":81,"column":49}},"loc":{"start":{"line":81,"column":53},"end":{"line":81,"column":68}},"line":81},"5":{"name":"extractAllHeaders","decl":{"start":{"line":115,"column":9},"end":{"line":115,"column":26}},"loc":{"start":{"line":115,"column":36},"end":{"line":118,"column":1}},"line":115},"6":{"name":"(anonymous_6)","decl":{"start":{"line":117,"column":38},"end":{"line":117,"column":39}},"loc":{"start":{"line":117,"column":43},"end":{"line":117,"column":58}},"line":117},"7":{"name":"extractDirectoryNotes","decl":{"start":{"line":127,"column":9},"end":{"line":127,"column":30}},"loc":{"start":{"line":127,"column":40},"end":{"line":130,"column":1}},"line":127},"8":{"name":"extractFileNotes","decl":{"start":{"line":139,"column":9},"end":{"line":139,"column":25}},"loc":{"start":{"line":139,"column":45},"end":{"line":142,"column":1}},"line":139},"9":{"name":"getAllSectionsInfo","decl":{"start":{"line":151,"column":9},"end":{"line":151,"column":27}},"loc":{"start":{"line":151,"column":37},"end":{"line":159,"column":1}},"line":151},"10":{"name":"(anonymous_10)","decl":{"start":{"line":153,"column":35},"end":{"line":153,"column":36}},"loc":{"start":{"line":153,"column":43},"end":{"line":158,"column":3}},"line":153}},"branchMap":{"0":{"loc":{"start":{"line":29,"column":9},"end":{"line":29,"column":32}},"type":"cond-expr","locations":[{"start":{"line":29,"column":17},"end":{"line":29,"column":25}},{"start":{"line":29,"column":28},"end":{"line":29,"column":32}}],"line":29},"1":{"loc":{"start":{"line":47,"column":4},"end":{"line":55,"column":5}},"type":"if","locations":[{"start":{"line":47,"column":4},"end":{"line":55,"column":5}},{"start":{"line":53,"column":11},"end":{"line":55,"column":5}}],"line":47},"2":{"loc":{"start":{"line":50,"column":6},"end":{"line":52,"column":7}},"type":"if","locations":[{"start":{"line":50,"column":6},"end":{"line":52,"column":7}},{"start":{},"end":{}}],"line":50},"3":{"loc":{"start":{"line":54,"column":30},"end":{"line":54,"column":56}},"type":"binary-expr","locations":[{"start":{"line":54,"column":30},"end":{"line":54,"column":50}},{"start":{"line":54,"column":54},"end":{"line":54,"column":56}}],"line":54},"4":{"loc":{"start":{"line":60,"column":4},"end":{"line":62,"column":5}},"type":"if","locations":[{"start":{"line":60,"column":4},"end":{"line":62,"column":5}},{"start":{},"end":{}}],"line":60},"5":{"loc":{"start":{"line":86,"column":2},"end":{"line":88,"column":3}},"type":"if","locations":[{"start":{"line":86,"column":2},"end":{"line":88,"column":3}},{"start":{},"end":{}}],"line":86},"6":{"loc":{"start":{"line":86,"column":6},"end":{"line":86,"column":64}},"type":"binary-expr","locations":[{"start":{"line":86,"column":6},"end":{"line":86,"column":30}},{"start":{"line":86,"column":34},"end":{"line":86,"column":64}}],"line":86},"7":{"loc":{"start":{"line":91,"column":15},"end":{"line":91,"column":40}},"type":"binary-expr","locations":[{"start":{"line":91,"column":15},"end":{"line":91,"column":34}},{"start":{"line":91,"column":38},"end":{"line":91,"column":40}}],"line":91},"8":{"loc":{"start":{"line":94,"column":16},"end":{"line":94,"column":35}},"type":"binary-expr","locations":[{"start":{"line":94,"column":16},"end":{"line":94,"column":29}},{"start":{"line":94,"column":33},"end":{"line":94,"column":35}}],"line":94},"9":{"loc":{"start":{"line":96,"column":4},"end":{"line":102,"column":5}},"type":"if","locations":[{"start":{"line":96,"column":4},"end":{"line":102,"column":5}},{"start":{},"end":{}}],"line":96},"10":{"loc":{"start":{"line":96,"column":8},"end":{"line":96,"column":47}},"type":"binary-expr","locations":[{"start":{"line":96,"column":8},"end":{"line":96,"column":25}},{"start":{"line":96,"column":29},"end":{"line":96,"column":47}}],"line":96},"11":{"loc":{"start":{"line":97,"column":6},"end":{"line":100,"column":7}},"type":"if","locations":[{"start":{"line":97,"column":6},"end":{"line":100,"column":7}},{"start":{},"end":{}}],"line":97},"12":{"loc":{"start":{"line":97,"column":10},"end":{"line":97,"column":55}},"type":"binary-expr","locations":[{"start":{"line":97,"column":10},"end":{"line":97,"column":27}},{"start":{"line":97,"column":31},"end":{"line":97,"column":55}}],"line":97},"13":{"loc":{"start":{"line":98,"column":8},"end":{"line":98,"column":51}},"type":"if","locations":[{"start":{"line":98,"column":8},"end":{"line":98,"column":51}},{"start":{},"end":{}}],"line":98},"14":{"loc":{"start":{"line":129,"column":9},"end":{"line":129,"column":34}},"type":"binary-expr","locations":[{"start":{"line":129,"column":9},"end":{"line":129,"column":28}},{"start":{"line":129,"column":32},"end":{"line":129,"column":34}}],"line":129},"15":{"loc":{"start":{"line":141,"column":9},"end":{"line":141,"column":33}},"type":"binary-expr","locations":[{"start":{"line":141,"column":9},"end":{"line":141,"column":27}},{"start":{"line":141,"column":31},"end":{"line":141,"column":33}}],"line":141},"16":{"loc":{"start":{"line":173,"column":0},"end":{"line":179,"column":1}},"type":"if","locations":[{"start":{"line":173,"column":0},"end":{"line":179,"column":1}},{"start":{"line":176,"column":7},"end":{"line":179,"column":1}}],"line":173},"17":{"loc":{"start":{"line":173,"column":4},"end":{"line":173,"column":51}},"type":"binary-expr","locations":[{"start":{"line":173,"column":4},"end":{"line":173,"column":33}},{"start":{"line":173,"column":37},"end":{"line":173,"column":51}}],"line":173}},"s":{"0":144,"1":49,"2":49,"3":36,"4":36,"5":36,"6":36,"7":36,"8":134,"9":43,"10":43,"11":43,"12":43,"13":91,"14":36,"15":79,"16":66,"17":36,"18":9,"19":9,"20":17,"21":9,"22":9,"23":4,"24":9,"25":9,"26":12,"27":12,"28":12,"29":9,"30":9,"31":9,"32":12,"33":9,"34":3,"35":3,"36":9,"37":3,"38":3,"39":4,"40":4,"41":1,"42":1,"43":3,"44":1,"45":1,"46":1,"47":0},"f":{"0":144,"1":49,"2":36,"3":9,"4":17,"5":3,"6":9,"7":3,"8":4,"9":1,"10":3},"b":{"0":[46,3],"1":[43,91],"2":[43,0],"3":[91,66],"4":[66,13],"5":[4,5],"6":[9,7],"7":[9,3],"8":[12,1],"9":[12,0],"10":[12,1],"11":[9,3],"12":[12,9],"13":[9,0],"14":[3,2],"15":[4,1],"16":[1,0],"17":[1,1]},"_coverageSchema":"1a1c01bbd47fc00a2c39e90264f33305004495a9","hash":"4de1577a618423a64d355c746700ef97935e05c4"}
,"E:\\workspace\\AtlasExplorer\\src\\tags.js": {"path":"E:\\workspace\\AtlasExplorer\\src\\tags.js","statementMap":{"0":{"start":{"line":1,"column":11},"end":{"line":1,"column":24}},"1":{"start":{"line":2,"column":13},"end":{"line":2,"column":28}},"2":{"start":{"line":3,"column":11},"end":{"line":3,"column":24}},"3":{"start":{"line":4,"column":15},"end":{"line":4,"column":34}},"4":{"start":{"line":6,"column":17},"end":{"line":6,"column":66}},"5":{"start":{"line":10,"column":4},"end":{"line":10,"column":29}},"6":{"start":{"line":17,"column":4},"end":{"line":19,"column":5}},"7":{"start":{"line":18,"column":6},"end":{"line":18,"column":50}},"8":{"start":{"line":26,"column":17},"end":{"line":26,"column":19}},"9":{"start":{"line":28,"column":4},"end":{"line":45,"column":5}},"10":{"start":{"line":29,"column":20},"end":{"line":29,"column":44}},"11":{"start":{"line":31,"column":6},"end":{"line":42,"column":7}},"12":{"start":{"line":32,"column":8},"end":{"line":41,"column":9}},"13":{"start":{"line":33,"column":27},"end":{"line":33,"column":52}},"14":{"start":{"line":34,"column":26},"end":{"line":34,"column":59}},"15":{"start":{"line":35,"column":22},"end":{"line":35,"column":41}},"16":{"start":{"line":37,"column":10},"end":{"line":39,"column":11}},"17":{"start":{"line":38,"column":12},"end":{"line":38,"column":33}},"18":{"start":{"line":40,"column":10},"end":{"line":40,"column":31}},"19":{"start":{"line":44,"column":6},"end":{"line":44,"column":55}},"20":{"start":{"line":47,"column":4},"end":{"line":47,"column":16}},"21":{"start":{"line":54,"column":17},"end":{"line":54,"column":32}},"22":{"start":{"line":55,"column":4},"end":{"line":55,"column":30}},"23":{"start":{"line":62,"column":16},"end":{"line":67,"column":5}},"24":{"start":{"line":69,"column":21},"end":{"line":69,"column":56}},"25":{"start":{"line":70,"column":4},"end":{"line":70,"column":61}},"26":{"start":{"line":72,"column":4},"end":{"line":72,"column":15}},"27":{"start":{"line":79,"column":16},"end":{"line":84,"column":5}},"28":{"start":{"line":86,"column":21},"end":{"line":86,"column":56}},"29":{"start":{"line":87,"column":4},"end":{"line":87,"column":61}},"30":{"start":{"line":89,"column":4},"end":{"line":89,"column":15}},"31":{"start":{"line":96,"column":21},"end":{"line":96,"column":56}},"32":{"start":{"line":97,"column":4},"end":{"line":99,"column":5}},"33":{"start":{"line":98,"column":6},"end":{"line":98,"column":30}},"34":{"start":{"line":103,"column":0},"end":{"line":103,"column":34}}},"fnMap":{"0":{"name":"(anonymous_0)","decl":{"start":{"line":9,"column":2},"end":{"line":9,"column":3}},"loc":{"start":{"line":9,"column":16},"end":{"line":11,"column":3}},"line":9},"1":{"name":"(anonymous_1)","decl":{"start":{"line":16,"column":2},"end":{"line":16,"column":3}},"loc":{"start":{"line":16,"column":22},"end":{"line":20,"column":3}},"line":16},"2":{"name":"(anonymous_2)","decl":{"start":{"line":25,"column":2},"end":{"line":25,"column":3}},"loc":{"start":{"line":25,"column":13},"end":{"line":48,"column":3}},"line":25},"3":{"name":"(anonymous_3)","decl":{"start":{"line":53,"column":2},"end":{"line":53,"column":3}},"loc":{"start":{"line":53,"column":15},"end":{"line":56,"column":3}},"line":53},"4":{"name":"(anonymous_4)","decl":{"start":{"line":61,"column":2},"end":{"line":61,"column":3}},"loc":{"start":{"line":61,"column":56},"end":{"line":73,"column":3}},"line":61},"5":{"name":"(anonymous_5)","decl":{"start":{"line":78,"column":2},"end":{"line":78,"column":3}},"loc":{"start":{"line":78,"column":56},"end":{"line":90,"column":3}},"line":78},"6":{"name":"(anonymous_6)","decl":{"start":{"line":95,"column":2},"end":{"line":95,"column":3}},"loc":{"start":{"line":95,"column":18},"end":{"line":100,"column":3}},"line":95}},"branchMap":{"0":{"loc":{"start":{"line":17,"column":4},"end":{"line":19,"column":5}},"type":"if","locations":[{"start":{"line":17,"column":4},"end":{"line":19,"column":5}},{"start":{},"end":{}}],"line":17},"1":{"loc":{"start":{"line":32,"column":8},"end":{"line":41,"column":9}},"type":"if","locations":[{"start":{"line":32,"column":8},"end":{"line":41,"column":9}},{"start":{},"end":{}}],"line":32},"2":{"loc":{"start":{"line":37,"column":10},"end":{"line":39,"column":11}},"type":"if","locations":[{"start":{"line":37,"column":10},"end":{"line":39,"column":11}},{"start":{},"end":{}}],"line":37},"3":{"loc":{"start":{"line":55,"column":11},"end":{"line":55,"column":29}},"type":"binary-expr","locations":[{"start":{"line":55,"column":11},"end":{"line":55,"column":21}},{"start":{"line":55,"column":25},"end":{"line":55,"column":29}}],"line":55},"4":{"loc":{"start":{"line":61,"column":38},"end":{"line":61,"column":54}},"type":"default-arg","locations":[{"start":{"line":61,"column":52},"end":{"line":61,"column":54}}],"line":61},"5":{"loc":{"start":{"line":78,"column":38},"end":{"line":78,"column":54}},"type":"default-arg","locations":[{"start":{"line":78,"column":52},"end":{"line":78,"column":54}}],"line":78},"6":{"loc":{"start":{"line":97,"column":4},"end":{"line":99,"column":5}},"type":"if","locations":[{"start":{"line":97,"column":4},"end":{"line":99,"column":5}},{"start":{},"end":{}}],"line":97}},"s":{"0":0,"1":0,"2":0,"3":0,"4":0,"5":0,"6":0,"7":0,"8":0,"9":0,"10":0,"11":0,"12":0,"13":0,"14":0,"15":0,"16":0,"17":0,"18":0,"19":0,"20":0,"21":0,"22":0,"23":0,"24":0,"25":0,"26":0,"27":0,"28":0,"29":0,"30":0,"31":0,"32":0,"33":0,"34":0},"f":{"0":0,"1":0,"2":0,"3":0,"4":0,"5":0,"6":0},"b":{"0":[0,0],"1":[0,0],"2":[0,0],"3":[0,0],"4":[0],"5":[0],"6":[0,0]}}
}
