TN:
SF:src\attributes.js
FN:9,(anonymous_0)
FN:13,(anonymous_1)
FN:19,(anonymous_2)
FN:41,(anonymous_3)
FN:46,(anonymous_4)
FN:53,(anonymous_5)
FN:60,(anonymous_6)
FNF:7
FNH:0
FNDA:0,(anonymous_0)
FNDA:0,(anonymous_1)
FNDA:0,(anonymous_2)
FNDA:0,(anonymous_3)
FNDA:0,(anonymous_4)
FNDA:0,(anonymous_5)
FNDA:0,(anonymous_6)
DA:1,0
DA:2,0
DA:3,0
DA:4,0
DA:6,0
DA:10,0
DA:14,0
DA:15,0
DA:20,0
DA:21,0
DA:22,0
DA:23,0
DA:24,0
DA:25,0
DA:26,0
DA:27,0
DA:28,0
DA:29,0
DA:30,0
DA:31,0
DA:32,0
DA:36,0
DA:38,0
DA:42,0
DA:43,0
DA:47,0
DA:48,0
DA:49,0
DA:50,0
DA:54,0
DA:55,0
DA:56,0
DA:57,0
DA:61,0
DA:62,0
DA:63,0
DA:68,0
LF:37
LH:0
BRDA:14,0,0,0
BRDA:14,0,1,0
BRDA:24,1,0,0
BRDA:24,1,1,0
BRDA:28,2,0,0
BRDA:28,2,1,0
BRDA:29,3,0,0
BRDA:29,3,1,0
BRDA:30,4,0,0
BRDA:30,4,1,0
BRDA:31,5,0,0
BRDA:31,5,1,0
BRDA:43,6,0,0
BRDA:43,6,1,0
BRDA:46,7,0,0
BRDA:46,8,0,0
BRDA:46,9,0,0
BRDA:46,10,0,0
BRDA:53,11,0,0
BRDA:53,12,0,0
BRDA:53,13,0,0
BRDA:53,14,0,0
BRDA:62,15,0,0
BRDA:62,15,1,0
BRF:24
BRH:0
end_of_record
TN:
SF:src\categories.js
FN:13,(anonymous_0)
FN:22,(anonymous_1)
FN:42,(anonymous_2)
FN:66,(anonymous_3)
FN:98,(anonymous_4)
FN:134,(anonymous_5)
FN:142,(anonymous_6)
FN:166,(anonymous_7)
FN:191,(anonymous_8)
FN:209,(anonymous_9)
FN:258,(anonymous_10)
FN:265,(anonymous_11)
FN:292,(anonymous_12)
FN:316,(anonymous_13)
FN:323,(anonymous_14)
FN:330,(anonymous_15)
FN:344,(anonymous_16)
FN:371,(anonymous_17)
FNF:18
FNH:8
FNDA:1,(anonymous_0)
FNDA:1,(anonymous_1)
FNDA:4,(anonymous_2)
FNDA:1,(anonymous_3)
FNDA:6,(anonymous_4)
FNDA:2,(anonymous_5)
FNDA:3,(anonymous_6)
FNDA:0,(anonymous_7)
FNDA:0,(anonymous_8)
FNDA:1,(anonymous_9)
FNDA:0,(anonymous_10)
FNDA:0,(anonymous_11)
FNDA:0,(anonymous_12)
FNDA:0,(anonymous_13)
FNDA:0,(anonymous_14)
FNDA:0,(anonymous_15)
FNDA:0,(anonymous_16)
FNDA:0,(anonymous_17)
DA:1,1
DA:2,1
DA:3,1
DA:4,1
DA:5,1
DA:7,1
DA:8,1
DA:9,1
DA:10,1
DA:14,1
DA:15,1
DA:16,1
DA:23,1
DA:24,1
DA:26,1
DA:27,0
DA:28,0
DA:29,0
DA:31,1
DA:34,0
DA:44,4
DA:45,3
DA:49,4
DA:50,4
DA:51,3
DA:59,3
DA:67,1
DA:68,1
DA:71,1
DA:72,0
DA:75,0
DA:76,0
DA:77,0
DA:78,0
DA:80,0
DA:85,0
DA:86,0
DA:88,0
DA:91,0
DA:99,6
DA:101,6
DA:102,6
DA:104,6
DA:105,12
DA:106,9
DA:107,9
DA:108,8
DA:110,8
DA:111,5
DA:114,8
DA:115,7
DA:118,8
DA:119,8
DA:121,8
DA:125,1
DA:128,6
DA:135,2
DA:136,2
DA:143,3
DA:144,1
DA:147,2
DA:157,2
DA:158,2
DA:160,2
DA:168,0
DA:169,0
DA:170,0
DA:172,0
DA:182,0
DA:183,0
DA:185,0
DA:192,0
DA:193,0
DA:196,0
DA:197,0
DA:198,0
DA:210,1
DA:211,1
DA:212,1
DA:214,0
DA:215,0
DA:218,0
DA:219,0
DA:222,0
DA:223,0
DA:225,0
DA:226,0
DA:228,0
DA:229,0
DA:231,0
DA:232,0
DA:234,0
DA:235,0
DA:237,0
DA:238,0
DA:240,0
DA:242,1
DA:259,0
DA:266,0
DA:267,0
DA:268,0
DA:270,0
DA:272,0
DA:293,0
DA:295,0
DA:296,0
DA:297,0
DA:298,0
DA:299,0
DA:300,0
DA:302,0
DA:305,0
DA:306,0
DA:308,0
DA:309,0
DA:317,0
DA:324,0
DA:331,0
DA:332,0
DA:333,0
DA:334,0
DA:336,0
DA:345,0
DA:348,0
DA:349,0
DA:350,0
DA:354,0
DA:355,0
DA:356,0
DA:357,0
DA:358,0
DA:365,0
DA:372,0
DA:381,1
LF:134
LH:55
BRDA:23,0,0,1
BRDA:23,0,1,0
BRDA:26,1,0,0
BRDA:26,1,1,1
BRDA:44,2,0,3
BRDA:44,2,1,1
BRDA:50,3,0,3
BRDA:50,3,1,1
BRDA:71,4,0,0
BRDA:71,4,1,1
BRDA:71,5,0,1
BRDA:71,5,1,0
BRDA:105,6,0,9
BRDA:105,6,1,3
BRDA:110,7,0,5
BRDA:110,7,1,3
BRDA:114,8,0,7
BRDA:114,8,1,1
BRDA:118,9,0,8
BRDA:118,9,1,0
BRDA:136,10,0,2
BRDA:136,10,1,1
BRDA:142,11,0,2
BRDA:142,12,0,2
BRDA:142,13,0,3
BRDA:142,14,0,3
BRDA:143,15,0,1
BRDA:143,15,1,2
BRDA:166,16,0,0
BRDA:166,17,0,0
BRDA:166,18,0,0
BRDA:166,19,0,0
BRDA:169,20,0,0
BRDA:169,20,1,0
BRDA:169,21,0,0
BRDA:169,21,1,0
BRDA:170,22,0,0
BRDA:170,22,1,0
BRDA:170,23,0,0
BRDA:170,23,1,0
BRDA:192,24,0,0
BRDA:192,24,1,0
BRDA:197,25,0,0
BRDA:197,25,1,0
BRDA:214,26,0,0
BRDA:214,26,1,0
BRDA:218,27,0,0
BRDA:218,27,1,0
BRDA:222,28,0,0
BRDA:222,28,1,0
BRDA:225,29,0,0
BRDA:225,29,1,0
BRDA:228,30,0,0
BRDA:228,30,1,0
BRDA:231,31,0,0
BRDA:231,31,1,0
BRDA:234,32,0,0
BRDA:234,32,1,0
BRDA:237,33,0,0
BRDA:237,33,1,0
BRDA:299,34,0,0
BRDA:299,34,1,0
BRDA:349,35,0,0
BRDA:349,35,1,0
BRDA:349,36,0,0
BRDA:349,36,1,0
BRDA:355,37,0,0
BRDA:355,37,1,0
BRDA:355,38,0,0
BRDA:355,38,1,0
BRDA:357,39,0,0
BRDA:357,39,1,0
BRDA:365,40,0,0
BRDA:365,40,1,0
BRF:74
BRH:23
end_of_record
TN:
SF:src\checksum.js
FN:13,(anonymous_0)
FN:14,(anonymous_1)
FN:19,(anonymous_2)
FN:23,(anonymous_3)
FN:28,(anonymous_4)
FN:45,(anonymous_5)
FNF:6
FNH:6
FNDA:7,(anonymous_0)
FNDA:7,(anonymous_1)
FNDA:2,(anonymous_2)
FNDA:5,(anonymous_3)
FNDA:2,(anonymous_4)
FNDA:3,(anonymous_5)
DA:1,1
DA:2,1
DA:3,1
DA:14,7
DA:15,7
DA:16,7
DA:17,7
DA:19,7
DA:20,2
DA:23,7
DA:24,5
DA:25,5
DA:28,7
DA:29,2
DA:30,2
DA:33,0
DA:34,0
DA:46,3
DA:48,3
DA:49,1
DA:52,2
DA:53,2
DA:57,1
LF:23
LH:21
BRDA:13,0,0,6
BRDA:48,1,0,1
BRDA:48,1,1,2
BRF:3
BRH:3
end_of_record
TN:
SF:src\db.js
FN:11,(anonymous_0)
FN:15,(anonymous_1)
FN:26,(anonymous_2)
FN:104,(anonymous_3)
FN:109,(anonymous_4)
FN:118,(anonymous_5)
FN:136,(anonymous_6)
FN:156,(anonymous_7)
FN:165,(anonymous_8)
FN:180,(anonymous_9)
FN:188,(anonymous_10)
FN:196,(anonymous_11)
FN:224,(anonymous_12)
FN:234,(anonymous_13)
FN:244,(anonymous_14)
FN:254,(anonymous_15)
FN:274,(anonymous_16)
FN:284,(anonymous_17)
FN:294,(anonymous_18)
FN:305,(anonymous_19)
FN:319,(anonymous_20)
FN:330,(anonymous_21)
FN:340,(anonymous_22)
FN:353,(anonymous_23)
FN:361,(anonymous_24)
FN:370,(anonymous_25)
FN:378,(anonymous_26)
FN:386,(anonymous_27)
FN:394,(anonymous_28)
FN:417,(anonymous_29)
FN:427,(anonymous_30)
FN:434,(anonymous_31)
FN:442,(anonymous_32)
FN:453,(anonymous_33)
FN:461,(anonymous_34)
FN:476,(anonymous_35)
FN:515,(anonymous_36)
FN:533,(anonymous_37)
FN:546,(anonymous_38)
FN:558,(anonymous_39)
FN:571,(anonymous_40)
FN:587,(anonymous_41)
FN:601,(anonymous_42)
FN:613,(anonymous_43)
FN:625,(anonymous_44)
FN:639,(anonymous_45)
FN:650,(anonymous_46)
FN:663,(anonymous_47)
FN:671,(anonymous_48)
FN:679,(anonymous_49)
FN:688,(anonymous_50)
FN:693,(anonymous_51)
FNF:52
FNH:1
FNDA:1,(anonymous_0)
FNDA:0,(anonymous_1)
FNDA:0,(anonymous_2)
FNDA:0,(anonymous_3)
FNDA:0,(anonymous_4)
FNDA:0,(anonymous_5)
FNDA:0,(anonymous_6)
FNDA:0,(anonymous_7)
FNDA:0,(anonymous_8)
FNDA:0,(anonymous_9)
FNDA:0,(anonymous_10)
FNDA:0,(anonymous_11)
FNDA:0,(anonymous_12)
FNDA:0,(anonymous_13)
FNDA:0,(anonymous_14)
FNDA:0,(anonymous_15)
FNDA:0,(anonymous_16)
FNDA:0,(anonymous_17)
FNDA:0,(anonymous_18)
FNDA:0,(anonymous_19)
FNDA:0,(anonymous_20)
FNDA:0,(anonymous_21)
FNDA:0,(anonymous_22)
FNDA:0,(anonymous_23)
FNDA:0,(anonymous_24)
FNDA:0,(anonymous_25)
FNDA:0,(anonymous_26)
FNDA:0,(anonymous_27)
FNDA:0,(anonymous_28)
FNDA:0,(anonymous_29)
FNDA:0,(anonymous_30)
FNDA:0,(anonymous_31)
FNDA:0,(anonymous_32)
FNDA:0,(anonymous_33)
FNDA:0,(anonymous_34)
FNDA:0,(anonymous_35)
FNDA:0,(anonymous_36)
FNDA:0,(anonymous_37)
FNDA:0,(anonymous_38)
FNDA:0,(anonymous_39)
FNDA:0,(anonymous_40)
FNDA:0,(anonymous_41)
FNDA:0,(anonymous_42)
FNDA:0,(anonymous_43)
FNDA:0,(anonymous_44)
FNDA:0,(anonymous_45)
FNDA:0,(anonymous_46)
FNDA:0,(anonymous_47)
FNDA:0,(anonymous_48)
FNDA:0,(anonymous_49)
FNDA:0,(anonymous_50)
FNDA:0,(anonymous_51)
DA:1,1
DA:2,1
DA:3,1
DA:4,1
DA:5,1
DA:7,1
DA:8,1
DA:12,1
DA:17,0
DA:18,0
DA:21,0
DA:22,0
DA:23,0
DA:27,0
DA:100,0
DA:103,0
DA:104,0
DA:105,0
DA:106,0
DA:109,0
DA:110,0
DA:111,0
DA:119,0
DA:130,0
DA:138,0
DA:139,0
DA:141,0
DA:142,0
DA:146,0
DA:149,0
DA:150,0
DA:157,0
DA:158,0
DA:166,0
DA:167,0
DA:170,0
DA:171,0
DA:174,0
DA:181,0
DA:182,0
DA:189,0
DA:190,0
DA:197,0
DA:209,0
DA:225,0
DA:228,0
DA:235,0
DA:238,0
DA:245,0
DA:248,0
DA:255,0
DA:256,0
DA:258,0
DA:260,0
DA:261,0
DA:263,0
DA:266,0
DA:275,0
DA:278,0
DA:285,0
DA:288,0
DA:295,0
DA:298,0
DA:299,0
DA:306,0
DA:313,0
DA:320,0
DA:323,0
DA:331,0
DA:334,0
DA:341,0
DA:347,0
DA:354,0
DA:355,0
DA:362,0
DA:363,0
DA:364,0
DA:371,0
DA:372,0
DA:379,0
DA:380,0
DA:387,0
DA:388,0
DA:395,0
DA:396,0
DA:397,0
DA:398,0
DA:399,0
DA:400,0
DA:401,0
DA:402,0
DA:404,0
DA:405,0
DA:406,0
DA:407,0
DA:410,0
DA:418,0
DA:419,0
DA:420,0
DA:421,0
DA:428,0
DA:429,0
DA:430,0
DA:431,0
DA:432,0
DA:434,0
DA:435,0
DA:436,0
DA:443,0
DA:444,0
DA:445,0
DA:446,0
DA:447,0
DA:448,0
DA:449,0
DA:450,0
DA:451,0
DA:453,0
DA:454,0
DA:455,0
DA:462,0
DA:463,0
DA:464,0
DA:465,0
DA:466,0
DA:468,0
DA:469,0
DA:477,0
DA:481,0
DA:482,0
DA:483,0
DA:485,0
DA:488,0
DA:492,0
DA:493,0
DA:494,0
DA:495,0
DA:500,0
DA:501,0
DA:504,0
DA:517,0
DA:518,0
DA:520,0
DA:525,0
DA:534,0
DA:538,0
DA:547,0
DA:550,0
DA:559,0
DA:562,0
DA:572,0
DA:578,0
DA:588,0
DA:592,0
DA:602,0
DA:605,0
DA:614,0
DA:617,0
DA:626,0
DA:629,0
DA:640,0
DA:644,0
DA:651,0
DA:657,0
DA:664,0
DA:665,0
DA:672,0
DA:673,0
DA:680,0
DA:681,0
DA:682,0
DA:689,0
DA:690,0
DA:694,0
DA:695,0
DA:700,1
LF:176
LH:9
BRDA:17,0,0,0
BRDA:17,0,1,0
BRDA:105,1,0,0
BRDA:105,1,1,0
BRDA:110,2,0,0
BRDA:110,2,1,0
BRDA:118,3,0,0
BRDA:118,4,0,0
BRDA:118,5,0,0
BRDA:118,6,0,0
BRDA:136,7,0,0
BRDA:136,8,0,0
BRDA:136,9,0,0
BRDA:141,10,0,0
BRDA:141,10,1,0
BRDA:170,11,0,0
BRDA:170,11,1,0
BRDA:190,12,0,0
BRDA:190,12,1,0
BRDA:213,13,0,0
BRDA:213,13,1,0
BRDA:214,14,0,0
BRDA:214,14,1,0
BRDA:215,15,0,0
BRDA:215,15,1,0
BRDA:216,16,0,0
BRDA:216,16,1,0
BRDA:217,17,0,0
BRDA:217,17,1,0
BRDA:258,18,0,0
BRDA:258,18,1,0
BRDA:261,19,0,0
BRDA:261,19,1,0
BRDA:299,20,0,0
BRDA:299,20,1,0
BRDA:364,21,0,0
BRDA:364,21,1,0
BRDA:378,22,0,0
BRDA:378,23,0,0
BRDA:378,24,0,0
BRDA:378,25,0,0
BRDA:396,26,0,0
BRDA:396,26,1,0
BRDA:400,27,0,0
BRDA:400,27,1,0
BRDA:400,28,0,0
BRDA:400,28,1,0
BRDA:402,29,0,0
BRDA:402,29,1,0
BRDA:404,30,0,0
BRDA:404,30,1,0
BRDA:406,31,0,0
BRDA:406,31,1,0
BRDA:419,32,0,0
BRDA:419,32,1,0
BRDA:421,33,0,0
BRDA:421,33,1,0
BRDA:421,34,0,0
BRDA:421,34,1,0
BRDA:430,35,0,0
BRDA:430,35,1,0
BRDA:430,36,0,0
BRDA:430,36,1,0
BRDA:432,37,0,0
BRDA:432,37,1,0
BRDA:435,38,0,0
BRDA:435,38,1,0
BRDA:444,39,0,0
BRDA:444,39,1,0
BRDA:447,40,0,0
BRDA:447,40,1,0
BRDA:449,41,0,0
BRDA:449,41,1,0
BRDA:451,42,0,0
BRDA:451,42,1,0
BRDA:454,43,0,0
BRDA:454,43,1,0
BRDA:464,44,0,0
BRDA:464,44,1,0
BRDA:464,45,0,0
BRDA:464,45,1,0
BRDA:466,46,0,0
BRDA:466,46,1,0
BRDA:468,47,0,0
BRDA:468,47,1,0
BRDA:482,48,0,0
BRDA:482,48,1,0
BRDA:494,49,0,0
BRDA:494,49,1,0
BRDA:500,50,0,0
BRDA:500,50,1,0
BRDA:518,51,0,0
BRDA:518,51,1,0
BRDA:681,52,0,0
BRDA:681,52,1,0
BRDA:681,53,0,0
BRDA:681,53,1,0
BRDA:689,54,0,0
BRDA:689,54,1,0
BRDA:689,55,0,0
BRDA:689,55,1,0
BRDA:694,56,0,0
BRDA:694,56,1,0
BRF:103
BRH:0
end_of_record
TN:
SF:src\filesystem.js
FN:9,checkAccess
FN:18,(anonymous_1)
FN:28,(anonymous_2)
FN:97,(anonymous_3)
FN:121,(anonymous_4)
FN:157,(anonymous_5)
FN:169,(anonymous_6)
FN:177,(anonymous_7)
FN:178,(anonymous_8)
FN:179,(anonymous_9)
FN:213,(anonymous_10)
FN:239,(anonymous_11)
FN:255,(anonymous_12)
FN:263,(anonymous_13)
FNF:14
FNH:5
FNDA:6,checkAccess
FNDA:1,(anonymous_1)
FNDA:3,(anonymous_2)
FNDA:2,(anonymous_3)
FNDA:0,(anonymous_4)
FNDA:3,(anonymous_5)
FNDA:0,(anonymous_6)
FNDA:0,(anonymous_7)
FNDA:0,(anonymous_8)
FNDA:0,(anonymous_9)
FNDA:0,(anonymous_10)
FNDA:0,(anonymous_11)
FNDA:0,(anonymous_12)
FNDA:0,(anonymous_13)
DA:1,1
DA:2,1
DA:3,1
DA:10,6
DA:11,6
DA:12,6
DA:13,6
DA:14,6
DA:19,1
DA:20,1
DA:21,1
DA:22,1
DA:30,3
DA:31,0
DA:32,0
DA:35,3
DA:36,3
DA:37,0
DA:38,0
DA:41,3
DA:42,3
DA:43,3
DA:45,3
DA:46,6
DA:47,6
DA:48,6
DA:49,6
DA:50,5
DA:51,5
DA:53,5
DA:66,5
DA:67,1
DA:69,4
DA:72,1
DA:74,1
DA:91,3
DA:98,2
DA:99,2
DA:100,1
DA:112,1
DA:113,1
DA:122,0
DA:123,0
DA:126,0
DA:128,0
DA:131,0
DA:132,0
DA:134,0
DA:147,0
DA:149,0
DA:150,0
DA:158,3
DA:159,3
DA:160,2
DA:162,1
DA:170,0
DA:178,0
DA:179,0
DA:180,0
DA:181,0
DA:184,0
DA:185,0
DA:186,0
DA:188,0
DA:189,0
DA:190,0
DA:197,0
DA:198,0
DA:199,0
DA:202,0
DA:203,0
DA:204,0
DA:214,0
DA:215,0
DA:218,0
DA:219,0
DA:220,0
DA:221,0
DA:224,0
DA:225,0
DA:226,0
DA:227,0
DA:231,0
DA:232,0
DA:240,0
DA:241,0
DA:242,0
DA:243,0
DA:244,0
DA:245,0
DA:247,0
DA:256,0
DA:265,0
DA:266,0
DA:267,0
DA:271,0
DA:272,0
DA:273,0
DA:277,1
LF:99
LH:42
BRDA:28,0,0,3
BRDA:30,1,0,0
BRDA:30,1,1,3
BRDA:30,2,0,3
BRDA:30,2,1,3
BRDA:36,3,0,0
BRDA:36,3,1,3
BRDA:46,4,0,0
BRDA:46,4,1,6
BRDA:66,5,0,1
BRDA:66,5,1,4
BRDA:85,6,0,1
BRDA:85,6,1,1
BRDA:126,7,0,0
BRDA:126,7,1,0
BRDA:186,8,0,0
BRDA:186,8,1,0
BRDA:226,9,0,0
BRDA:226,9,1,0
BRDA:256,10,0,0
BRDA:256,10,1,0
BRDA:265,11,0,0
BRDA:265,11,1,0
BRF:23
BRH:10
end_of_record
TN:
SF:src\filetypes.js
FN:17,(anonymous_0)
FN:24,(anonymous_1)
FN:37,(anonymous_2)
FN:42,(anonymous_3)
FN:60,(anonymous_4)
FN:65,(anonymous_5)
FN:79,(anonymous_6)
FN:87,(anonymous_7)
FN:92,(anonymous_8)
FN:106,(anonymous_9)
FN:111,(anonymous_10)
FN:119,(anonymous_11)
FNF:12
FNH:0
FNDA:0,(anonymous_0)
FNDA:0,(anonymous_1)
FNDA:0,(anonymous_2)
FNDA:0,(anonymous_3)
FNDA:0,(anonymous_4)
FNDA:0,(anonymous_5)
FNDA:0,(anonymous_6)
FNDA:0,(anonymous_7)
FNDA:0,(anonymous_8)
FNDA:0,(anonymous_9)
FNDA:0,(anonymous_10)
FNDA:0,(anonymous_11)
DA:1,0
DA:2,0
DA:3,0
DA:4,0
DA:6,0
DA:8,0
DA:18,0
DA:25,0
DA:26,0
DA:27,0
DA:29,0
DA:30,0
DA:38,0
DA:39,0
DA:40,0
DA:42,0
DA:43,0
DA:44,0
DA:45,0
DA:48,0
DA:50,0
DA:52,0
DA:53,0
DA:61,0
DA:62,0
DA:64,0
DA:65,0
DA:66,0
DA:68,0
DA:69,0
DA:70,0
DA:71,0
DA:72,0
DA:73,0
DA:80,0
DA:81,0
DA:83,0
DA:84,0
DA:86,0
DA:87,0
DA:88,0
DA:89,0
DA:92,0
DA:93,0
DA:95,0
DA:96,0
DA:97,0
DA:98,0
DA:99,0
DA:100,0
DA:107,0
DA:108,0
DA:110,0
DA:111,0
DA:112,0
DA:113,0
DA:115,0
DA:116,0
DA:120,0
DA:124,0
LF:60
LH:0
BRDA:26,0,0,0
BRDA:26,0,1,0
BRDA:29,1,0,0
BRDA:29,1,1,0
BRDA:43,2,0,0
BRDA:43,2,1,0
BRDA:60,3,0,0
BRDA:60,4,0,0
BRDA:61,5,0,0
BRDA:61,5,1,0
BRDA:61,6,0,0
BRDA:61,6,1,0
BRDA:65,7,0,0
BRDA:65,7,1,0
BRDA:69,8,0,0
BRDA:69,8,1,0
BRDA:70,9,0,0
BRDA:70,9,1,0
BRDA:79,10,0,0
BRDA:79,11,0,0
BRDA:80,12,0,0
BRDA:80,12,1,0
BRDA:83,13,0,0
BRDA:83,13,1,0
BRDA:83,14,0,0
BRDA:83,14,1,0
BRDA:88,15,0,0
BRDA:88,15,1,0
BRDA:92,16,0,0
BRDA:92,16,1,0
BRDA:92,17,0,0
BRDA:92,17,1,0
BRDA:96,18,0,0
BRDA:96,18,1,0
BRDA:97,19,0,0
BRDA:97,19,1,0
BRDA:107,20,0,0
BRDA:107,20,1,0
BRDA:112,21,0,0
BRDA:112,21,1,0
BRF:40
BRH:0
end_of_record
TN:
SF:src\icons.js
FN:11,(anonymous_0)
FN:19,(anonymous_1)
FN:45,(anonymous_2)
FN:89,(anonymous_3)
FN:110,(anonymous_4)
FN:211,(anonymous_5)
FNF:6
FNH:3
FNDA:1,(anonymous_0)
FNDA:4,(anonymous_1)
FNDA:4,(anonymous_2)
FNDA:0,(anonymous_3)
FNDA:0,(anonymous_4)
FNDA:0,(anonymous_5)
DA:1,1
DA:2,1
DA:3,1
DA:4,1
DA:5,1
DA:7,1
DA:8,1
DA:12,1
DA:20,4
DA:27,4
DA:28,5
DA:29,2
DA:32,3
DA:33,3
DA:34,3
DA:38,1
DA:46,4
DA:47,4
DA:48,4
DA:49,1
DA:50,1
DA:53,3
DA:54,2
DA:57,3
DA:58,3
DA:59,6
DA:60,0
DA:63,6
DA:64,6
DA:66,6
DA:67,5
DA:72,3
DA:73,3
DA:74,3
DA:75,3
DA:76,0
DA:77,0
DA:81,0
DA:90,0
DA:91,0
DA:92,0
DA:99,0
DA:111,0
DA:112,0
DA:113,0
DA:115,0
DA:116,0
DA:117,0
DA:119,0
DA:120,0
DA:121,0
DA:124,0
DA:125,0
DA:128,0
DA:131,0
DA:132,0
DA:133,0
DA:134,0
DA:135,0
DA:140,0
DA:145,0
DA:148,0
DA:149,0
DA:150,0
DA:151,0
DA:152,0
DA:153,0
DA:157,0
DA:162,0
DA:166,0
DA:167,0
DA:168,0
DA:169,0
DA:170,0
DA:171,0
DA:172,0
DA:174,0
DA:175,0
DA:176,0
DA:177,0
DA:179,0
DA:187,0
DA:191,0
DA:195,0
DA:200,0
DA:202,0
DA:203,0
DA:212,0
DA:213,0
DA:214,0
DA:216,0
DA:217,0
DA:218,0
DA:220,0
DA:221,0
DA:222,0
DA:225,0
DA:226,0
DA:229,0
DA:232,0
DA:233,0
DA:234,0
DA:235,0
DA:236,0
DA:240,0
DA:245,0
DA:248,0
DA:249,0
DA:250,0
DA:251,0
DA:252,0
DA:253,0
DA:257,0
DA:261,0
DA:266,0
DA:268,0
DA:269,0
DA:274,1
LF:118
LH:35
BRDA:21,0,0,0
BRDA:21,0,1,4
BRDA:22,1,0,0
BRDA:22,1,1,4
BRDA:28,2,0,2
BRDA:28,2,1,3
BRDA:33,3,0,3
BRDA:33,3,1,0
BRDA:48,4,0,1
BRDA:48,4,1,3
BRDA:53,5,0,2
BRDA:53,5,1,1
BRDA:59,6,0,0
BRDA:59,6,1,6
BRDA:66,7,0,5
BRDA:66,7,1,1
BRDA:73,8,0,3
BRDA:73,8,1,0
BRDA:75,9,0,0
BRDA:75,9,1,3
BRDA:91,10,0,0
BRDA:91,10,1,0
BRDA:110,11,0,0
BRDA:115,12,0,0
BRDA:115,12,1,0
BRDA:119,13,0,0
BRDA:119,13,1,0
BRDA:132,14,0,0
BRDA:132,14,1,0
BRDA:150,15,0,0
BRDA:150,15,1,0
BRDA:150,16,0,0
BRDA:150,16,1,0
BRDA:166,17,0,0
BRDA:166,17,1,0
BRDA:166,18,0,0
BRDA:166,18,1,0
BRDA:216,19,0,0
BRDA:216,19,1,0
BRDA:220,20,0,0
BRDA:220,20,1,0
BRDA:233,21,0,0
BRDA:233,21,1,0
BRDA:250,22,0,0
BRDA:250,22,1,0
BRDA:250,23,0,0
BRDA:250,23,1,0
BRF:47
BRH:14
end_of_record
TN:
SF:src\logger.js
FN:24,(anonymous_0)
FN:32,(anonymous_1)
FN:42,(anonymous_2)
FN:54,(anonymous_3)
FN:70,(anonymous_4)
FN:79,(anonymous_5)
FN:120,(anonymous_6)
FN:138,(anonymous_7)
FN:156,(anonymous_8)
FN:170,(anonymous_9)
FNF:10
FNH:7
FNDA:3,(anonymous_0)
FNDA:3,(anonymous_1)
FNDA:2,(anonymous_2)
FNDA:2,(anonymous_3)
FNDA:2,(anonymous_4)
FNDA:2,(anonymous_5)
FNDA:0,(anonymous_6)
FNDA:2,(anonymous_7)
FNDA:0,(anonymous_8)
FNDA:0,(anonymous_9)
DA:17,3
DA:18,3
DA:19,3
DA:21,3
DA:25,3
DA:33,3
DA:34,3
DA:43,2
DA:44,2
DA:45,2
DA:46,2
DA:47,2
DA:48,2
DA:55,2
DA:56,2
DA:57,2
DA:58,2
DA:59,2
DA:71,2
DA:72,2
DA:75,2
DA:78,2
DA:79,2
DA:81,2
DA:82,0
DA:83,0
DA:85,0
DA:88,2
DA:90,2
DA:93,2
DA:97,2
DA:98,0
DA:99,0
DA:103,2
DA:104,2
DA:107,0
DA:121,0
DA:139,2
DA:157,0
DA:171,0
DA:176,3
LF:41
LH:32
BRDA:33,0,0,3
BRDA:33,0,1,0
BRDA:78,1,0,2
BRDA:78,1,1,0
BRDA:78,2,0,2
BRDA:78,2,1,2
BRDA:81,3,0,0
BRDA:81,3,1,2
BRDA:97,4,0,0
BRDA:97,4,1,2
BRDA:98,5,0,0
BRDA:98,5,1,0
BRDA:98,6,0,0
BRDA:98,6,1,0
BRF:14
BRH:6
end_of_record
TN:
SF:src\notesParser.js
FN:18,isValidFileHeader
FN:27,extractHeaderFilename
FN:40,parseNotesFileSections
FN:77,writeNotesSection
FN:81,(anonymous_4)
FN:115,extractAllHeaders
FN:117,(anonymous_6)
FN:127,extractDirectoryNotes
FN:139,extractFileNotes
FN:151,getAllSectionsInfo
FN:153,(anonymous_10)
FNF:11
FNH:11
FNDA:144,isValidFileHeader
FNDA:49,extractHeaderFilename
FNDA:36,parseNotesFileSections
FNDA:9,writeNotesSection
FNDA:17,(anonymous_4)
FNDA:3,extractAllHeaders
FNDA:9,(anonymous_6)
FNDA:3,extractDirectoryNotes
FNDA:4,extractFileNotes
FNDA:1,getAllSectionsInfo
FNDA:3,(anonymous_10)
DA:19,144
DA:28,49
DA:29,49
DA:41,36
DA:42,36
DA:43,36
DA:45,36
DA:46,36
DA:47,134
DA:48,43
DA:49,43
DA:50,43
DA:51,43
DA:54,91
DA:59,36
DA:60,79
DA:61,66
DA:65,36
DA:78,9
DA:81,17
DA:84,9
DA:86,9
DA:87,4
DA:91,9
DA:93,9
DA:94,12
DA:96,12
DA:97,12
DA:98,9
DA:99,9
DA:101,12
DA:105,9
DA:116,3
DA:117,9
DA:128,3
DA:129,3
DA:140,4
DA:141,4
DA:152,1
DA:153,3
DA:162,1
DA:173,1
DA:175,1
DA:178,0
LF:44
LH:43
BRDA:29,0,0,46
BRDA:29,0,1,3
BRDA:47,1,0,43
BRDA:47,1,1,91
BRDA:50,2,0,43
BRDA:50,2,1,0
BRDA:54,3,0,91
BRDA:54,3,1,66
BRDA:60,4,0,66
BRDA:60,4,1,13
BRDA:86,5,0,4
BRDA:86,5,1,5
BRDA:86,6,0,9
BRDA:86,6,1,7
BRDA:91,7,0,9
BRDA:91,7,1,3
BRDA:94,8,0,12
BRDA:94,8,1,1
BRDA:96,9,0,12
BRDA:96,9,1,0
BRDA:96,10,0,12
BRDA:96,10,1,1
BRDA:97,11,0,9
BRDA:97,11,1,3
BRDA:97,12,0,12
BRDA:97,12,1,9
BRDA:98,13,0,9
BRDA:98,13,1,0
BRDA:129,14,0,3
BRDA:129,14,1,2
BRDA:141,15,0,4
BRDA:141,15,1,1
BRDA:173,16,0,1
BRDA:173,16,1,0
BRDA:173,17,0,1
BRDA:173,17,1,1
BRF:36
BRH:32
end_of_record
TN:
SF:src\tags.js
FN:9,(anonymous_0)
FN:16,(anonymous_1)
FN:25,(anonymous_2)
FN:53,(anonymous_3)
FN:61,(anonymous_4)
FN:78,(anonymous_5)
FN:95,(anonymous_6)
FNF:7
FNH:0
FNDA:0,(anonymous_0)
FNDA:0,(anonymous_1)
FNDA:0,(anonymous_2)
FNDA:0,(anonymous_3)
FNDA:0,(anonymous_4)
FNDA:0,(anonymous_5)
FNDA:0,(anonymous_6)
DA:1,0
DA:2,0
DA:3,0
DA:4,0
DA:6,0
DA:10,0
DA:17,0
DA:18,0
DA:26,0
DA:28,0
DA:29,0
DA:31,0
DA:32,0
DA:33,0
DA:34,0
DA:35,0
DA:37,0
DA:38,0
DA:40,0
DA:44,0
DA:47,0
DA:54,0
DA:55,0
DA:62,0
DA:69,0
DA:70,0
DA:72,0
DA:79,0
DA:86,0
DA:87,0
DA:89,0
DA:96,0
DA:97,0
DA:98,0
DA:103,0
LF:35
LH:0
BRDA:17,0,0,0
BRDA:17,0,1,0
BRDA:32,1,0,0
BRDA:32,1,1,0
BRDA:37,2,0,0
BRDA:37,2,1,0
BRDA:55,3,0,0
BRDA:55,3,1,0
BRDA:61,4,0,0
BRDA:78,5,0,0
BRDA:97,6,0,0
BRDA:97,6,1,0
BRF:12
BRH:0
end_of_record
